{"/Users/dhairyapatel/Desktop/Quest/backend/index.js": {"path":"/Users/dhairyapatel/Desktop/Quest/backend/index.js","statementMap":{"0":{"start":{"line":1,"column":16},"end":{"line":1,"column":34}},"1":{"start":{"line":2,"column":15},"end":{"line":2,"column":43}},"2":{"start":{"line":3,"column":15},"end":{"line":3,"column":32}},"3":{"start":{"line":4,"column":13},"end":{"line":4,"column":28}},"4":{"start":{"line":5,"column":15},"end":{"line":5,"column":32}},"5":{"start":{"line":6,"column":92},"end":{"line":6,"column":118}},"6":{"start":{"line":7,"column":19},"end":{"line":7,"column":49}},"7":{"start":{"line":8,"column":35},"end":{"line":8,"column":66}},"8":{"start":{"line":9,"column":0},"end":{"line":9,"column":45}},"9":{"start":{"line":11,"column":12},"end":{"line":11,"column":21}},"10":{"start":{"line":12,"column":0},"end":{"line":12,"column":16}},"11":{"start":{"line":14,"column":0},"end":{"line":14,"column":16}},"12":{"start":{"line":15,"column":0},"end":{"line":15,"column":24}},"13":{"start":{"line":16,"column":0},"end":{"line":16,"column":48}},"14":{"start":{"line":17,"column":0},"end":{"line":17,"column":20}},"15":{"start":{"line":18,"column":0},"end":{"line":18,"column":68}},"16":{"start":{"line":20,"column":13},"end":{"line":20,"column":29}},"17":{"start":{"line":23,"column":0},"end":{"line":40,"column":1}},"18":{"start":{"line":24,"column":2},"end":{"line":39,"column":2}},"19":{"start":{"line":25,"column":4},"end":{"line":25,"column":17}},"20":{"start":{"line":26,"column":4},"end":{"line":36,"column":5}},"21":{"start":{"line":27,"column":29},"end":{"line":27,"column":78}},"22":{"start":{"line":28,"column":6},"end":{"line":35,"column":9}},"23":{"start":{"line":37,"column":4},"end":{"line":37,"column":38}},"24":{"start":{"line":42,"column":0},"end":{"line":42,"column":21}}},"fnMap":{"0":{"name":"(anonymous_0)","decl":{"start":{"line":24,"column":19},"end":{"line":24,"column":20}},"loc":{"start":{"line":24,"column":31},"end":{"line":38,"column":3}},"line":24}},"branchMap":{"0":{"loc":{"start":{"line":23,"column":0},"end":{"line":40,"column":1}},"type":"if","locations":[{"start":{"line":23,"column":0},"end":{"line":40,"column":1}},{"start":{},"end":{}}],"line":23},"1":{"loc":{"start":{"line":26,"column":4},"end":{"line":36,"column":5}},"type":"if","locations":[{"start":{"line":26,"column":4},"end":{"line":36,"column":5}},{"start":{},"end":{}}],"line":26}},"s":{"0":2,"1":2,"2":2,"3":2,"4":2,"5":2,"6":2,"7":2,"8":2,"9":2,"10":2,"11":2,"12":2,"13":2,"14":2,"15":2,"16":2,"17":2,"18":0,"19":0,"20":0,"21":0,"22":0,"23":0,"24":2},"f":{"0":0},"b":{"0":[0,2],"1":[0,0]},"_coverageSchema":"1a1c01bbd47fc00a2c39e90264f33305004495a9","hash":"9d15e9ec328ea315ba05fc33532feb4b9be6fcb0"}
,"/Users/dhairyapatel/Desktop/Quest/backend/src/config/swagger.js": {"path":"/Users/dhairyapatel/Desktop/Quest/backend/src/config/swagger.js","statementMap":{"0":{"start":{"line":1,"column":21},"end":{"line":1,"column":45}},"1":{"start":{"line":2,"column":18},"end":{"line":2,"column":47}},"2":{"start":{"line":3,"column":15},"end":{"line":3,"column":32}},"3":{"start":{"line":4,"column":13},"end":{"line":4,"column":28}},"4":{"start":{"line":6,"column":0},"end":{"line":6,"column":16}},"5":{"start":{"line":8,"column":16},"end":{"line":39,"column":1}},"6":{"start":{"line":41,"column":14},"end":{"line":41,"column":35}},"7":{"start":{"line":42,"column":0},"end":{"line":42,"column":51}}},"fnMap":{},"branchMap":{},"s":{"0":2,"1":2,"2":2,"3":2,"4":2,"5":2,"6":2,"7":2},"f":{},"b":{},"_coverageSchema":"1a1c01bbd47fc00a2c39e90264f33305004495a9","hash":"c492de6fa65d891601bde1eb735b5b70b099bcb8"}
,"/Users/dhairyapatel/Desktop/Quest/backend/src/controllers/authController.js": {"path":"/Users/dhairyapatel/Desktop/Quest/backend/src/controllers/authController.js","statementMap":{"0":{"start":{"line":1,"column":12},"end":{"line":1,"column":35}},"1":{"start":{"line":2,"column":15},"end":{"line":2,"column":32}},"2":{"start":{"line":3,"column":15},"end":{"line":3,"column":32}},"3":{"start":{"line":4,"column":13},"end":{"line":4,"column":27}},"4":{"start":{"line":5,"column":17},"end":{"line":5,"column":40}},"5":{"start":{"line":7,"column":0},"end":{"line":7,"column":16}},"6":{"start":{"line":9,"column":24},"end":{"line":75,"column":1}},"7":{"start":{"line":10,"column":4},"end":{"line":74,"column":5}},"8":{"start":{"line":11,"column":26},"end":{"line":11,"column":34}},"9":{"start":{"line":12,"column":28},"end":{"line":15,"column":10}},"10":{"start":{"line":16,"column":23},"end":{"line":16,"column":55}},"11":{"start":{"line":17,"column":8},"end":{"line":22,"column":9}},"12":{"start":{"line":18,"column":12},"end":{"line":21,"column":15}},"13":{"start":{"line":20,"column":55},"end":{"line":20,"column":66}},"14":{"start":{"line":24,"column":21},"end":{"line":24,"column":73}},"15":{"start":{"line":25,"column":8},"end":{"line":30,"column":9}},"16":{"start":{"line":26,"column":12},"end":{"line":29,"column":15}},"17":{"start":{"line":32,"column":30},"end":{"line":32,"column":85}},"18":{"start":{"line":33,"column":8},"end":{"line":38,"column":9}},"19":{"start":{"line":34,"column":12},"end":{"line":37,"column":15}},"20":{"start":{"line":40,"column":22},"end":{"line":40,"column":50}},"21":{"start":{"line":41,"column":25},"end":{"line":41,"column":60}},"22":{"start":{"line":43,"column":24},"end":{"line":51,"column":9}},"23":{"start":{"line":53,"column":22},"end":{"line":53,"column":60}},"24":{"start":{"line":55,"column":8},"end":{"line":67,"column":11}},"25":{"start":{"line":70,"column":8},"end":{"line":73,"column":11}},"26":{"start":{"line":77,"column":21},"end":{"line":109,"column":1}},"27":{"start":{"line":78,"column":4},"end":{"line":108,"column":5}},"28":{"start":{"line":79,"column":21},"end":{"line":79,"column":53}},"29":{"start":{"line":80,"column":8},"end":{"line":85,"column":9}},"30":{"start":{"line":81,"column":12},"end":{"line":84,"column":15}},"31":{"start":{"line":87,"column":22},"end":{"line":87,"column":50}},"32":{"start":{"line":88,"column":25},"end":{"line":88,"column":60}},"33":{"start":{"line":90,"column":8},"end":{"line":101,"column":11}},"34":{"start":{"line":104,"column":8},"end":{"line":107,"column":11}},"35":{"start":{"line":111,"column":0},"end":{"line":114,"column":1}}},"fnMap":{"0":{"name":"(anonymous_0)","decl":{"start":{"line":9,"column":24},"end":{"line":9,"column":25}},"loc":{"start":{"line":9,"column":44},"end":{"line":75,"column":1}},"line":9},"1":{"name":"(anonymous_1)","decl":{"start":{"line":20,"column":48},"end":{"line":20,"column":49}},"loc":{"start":{"line":20,"column":55},"end":{"line":20,"column":66}},"line":20},"2":{"name":"(anonymous_2)","decl":{"start":{"line":77,"column":21},"end":{"line":77,"column":22}},"loc":{"start":{"line":77,"column":41},"end":{"line":109,"column":1}},"line":77}},"branchMap":{"0":{"loc":{"start":{"line":17,"column":8},"end":{"line":22,"column":9}},"type":"if","locations":[{"start":{"line":17,"column":8},"end":{"line":22,"column":9}},{"start":{},"end":{}}],"line":17},"1":{"loc":{"start":{"line":25,"column":8},"end":{"line":30,"column":9}},"type":"if","locations":[{"start":{"line":25,"column":8},"end":{"line":30,"column":9}},{"start":{},"end":{}}],"line":25},"2":{"loc":{"start":{"line":25,"column":12},"end":{"line":25,"column":33}},"type":"binary-expr","locations":[{"start":{"line":25,"column":12},"end":{"line":25,"column":17}},{"start":{"line":25,"column":21},"end":{"line":25,"column":33}}],"line":25},"3":{"loc":{"start":{"line":33,"column":8},"end":{"line":38,"column":9}},"type":"if","locations":[{"start":{"line":33,"column":8},"end":{"line":38,"column":9}},{"start":{},"end":{}}],"line":33},"4":{"loc":{"start":{"line":41,"column":25},"end":{"line":41,"column":60}},"type":"cond-expr","locations":[{"start":{"line":41,"column":41},"end":{"line":41,"column":49}},{"start":{"line":41,"column":52},"end":{"line":41,"column":60}}],"line":41},"5":{"loc":{"start":{"line":80,"column":8},"end":{"line":85,"column":9}},"type":"if","locations":[{"start":{"line":80,"column":8},"end":{"line":85,"column":9}},{"start":{},"end":{}}],"line":80},"6":{"loc":{"start":{"line":88,"column":25},"end":{"line":88,"column":60}},"type":"cond-expr","locations":[{"start":{"line":88,"column":41},"end":{"line":88,"column":49}},{"start":{"line":88,"column":52},"end":{"line":88,"column":60}}],"line":88}},"s":{"0":3,"1":3,"2":3,"3":3,"4":3,"5":3,"6":3,"7":14,"8":14,"9":14,"10":14,"11":14,"12":3,"13":3,"14":11,"15":11,"16":1,"17":10,"18":10,"19":1,"20":9,"21":9,"22":9,"23":9,"24":9,"25":0,"26":3,"27":2,"28":2,"29":2,"30":1,"31":1,"32":1,"33":1,"34":0,"35":3},"f":{"0":14,"1":3,"2":2},"b":{"0":[3,11],"1":[1,10],"2":[11,10],"3":[1,9],"4":[0,9],"5":[1,1],"6":[0,1]},"_coverageSchema":"1a1c01bbd47fc00a2c39e90264f33305004495a9","hash":"06d62b3d49adebdc7fc9caa9d8be1b1e02c9235b"}
,"/Users/dhairyapatel/Desktop/Quest/backend/src/controllers/challengeController.js": {"path":"/Users/dhairyapatel/Desktop/Quest/backend/src/controllers/challengeController.js","statementMap":{"0":{"start":{"line":1,"column":17},"end":{"line":1,"column":36}},"1":{"start":{"line":2,"column":18},"end":{"line":2,"column":51}},"2":{"start":{"line":3,"column":14},"end":{"line":3,"column":43}},"3":{"start":{"line":4,"column":24},"end":{"line":4,"column":63}},"4":{"start":{"line":5,"column":24},"end":{"line":5,"column":64}},"5":{"start":{"line":6,"column":39},"end":{"line":6,"column":85}},"6":{"start":{"line":7,"column":28},"end":{"line":7,"column":69}},"7":{"start":{"line":8,"column":18},"end":{"line":8,"column":51}},"8":{"start":{"line":9,"column":22},"end":{"line":9,"column":59}},"9":{"start":{"line":10,"column":19},"end":{"line":10,"column":53}},"10":{"start":{"line":11,"column":13},"end":{"line":11,"column":41}},"11":{"start":{"line":13,"column":24},"end":{"line":77,"column":1}},"12":{"start":{"line":14,"column":20},"end":{"line":14,"column":49}},"13":{"start":{"line":16,"column":4},"end":{"line":76,"column":5}},"14":{"start":{"line":17,"column":8},"end":{"line":17,"column":35}},"15":{"start":{"line":18,"column":38},"end":{"line":18,"column":46}},"16":{"start":{"line":21,"column":36},"end":{"line":25,"column":10}},"17":{"start":{"line":27,"column":8},"end":{"line":29,"column":9}},"18":{"start":{"line":28,"column":12},"end":{"line":28,"column":121}},"19":{"start":{"line":31,"column":33},"end":{"line":31,"column":77}},"20":{"start":{"line":32,"column":8},"end":{"line":34,"column":9}},"21":{"start":{"line":33,"column":12},"end":{"line":33,"column":115}},"22":{"start":{"line":36,"column":22},"end":{"line":36,"column":90}},"23":{"start":{"line":37,"column":8},"end":{"line":39,"column":9}},"24":{"start":{"line":38,"column":12},"end":{"line":38,"column":72}},"25":{"start":{"line":41,"column":8},"end":{"line":43,"column":9}},"26":{"start":{"line":42,"column":12},"end":{"line":42,"column":123}},"27":{"start":{"line":45,"column":30},"end":{"line":45,"column":78}},"28":{"start":{"line":47,"column":8},"end":{"line":49,"column":9}},"29":{"start":{"line":47,"column":55},"end":{"line":47,"column":85}},"30":{"start":{"line":47,"column":109},"end":{"line":47,"column":126}},"31":{"start":{"line":48,"column":12},"end":{"line":48,"column":102}},"32":{"start":{"line":51,"column":31},"end":{"line":56,"column":10}},"33":{"start":{"line":58,"column":8},"end":{"line":58,"column":47}},"34":{"start":{"line":60,"column":30},"end":{"line":63,"column":11}},"35":{"start":{"line":60,"column":50},"end":{"line":63,"column":9}},"36":{"start":{"line":65,"column":8},"end":{"line":65,"column":69}},"37":{"start":{"line":67,"column":8},"end":{"line":67,"column":42}},"38":{"start":{"line":69,"column":8},"end":{"line":69,"column":122}},"39":{"start":{"line":71,"column":8},"end":{"line":71,"column":41}},"40":{"start":{"line":72,"column":8},"end":{"line":72,"column":87}},"41":{"start":{"line":75,"column":8},"end":{"line":75,"column":29}},"42":{"start":{"line":79,"column":22},"end":{"line":298,"column":1}},"43":{"start":{"line":80,"column":4},"end":{"line":297,"column":5}},"44":{"start":{"line":81,"column":29},"end":{"line":81,"column":38}},"45":{"start":{"line":83,"column":22},"end":{"line":83,"column":24}},"46":{"start":{"line":84,"column":8},"end":{"line":89,"column":9}},"47":{"start":{"line":85,"column":12},"end":{"line":87,"column":13}},"48":{"start":{"line":86,"column":16},"end":{"line":86,"column":84}},"49":{"start":{"line":88,"column":12},"end":{"line":88,"column":70}},"50":{"start":{"line":92,"column":32},"end":{"line":92,"column":69}},"51":{"start":{"line":95,"column":8},"end":{"line":106,"column":9}},"52":{"start":{"line":96,"column":12},"end":{"line":105,"column":15}},"53":{"start":{"line":108,"column":27},"end":{"line":158,"column":10}},"54":{"start":{"line":161,"column":36},"end":{"line":265,"column":10}},"55":{"start":{"line":267,"column":32},"end":{"line":273,"column":9}},"56":{"start":{"line":275,"column":8},"end":{"line":289,"column":11}},"57":{"start":{"line":291,"column":8},"end":{"line":291,"column":56}},"58":{"start":{"line":292,"column":8},"end":{"line":296,"column":11}},"59":{"start":{"line":300,"column":24},"end":{"line":392,"column":1}},"60":{"start":{"line":302,"column":20},"end":{"line":302,"column":49}},"61":{"start":{"line":303,"column":4},"end":{"line":303,"column":31}},"62":{"start":{"line":305,"column":4},"end":{"line":391,"column":5}},"63":{"start":{"line":306,"column":28},"end":{"line":306,"column":38}},"64":{"start":{"line":307,"column":23},"end":{"line":307,"column":34}},"65":{"start":{"line":309,"column":8},"end":{"line":314,"column":9}},"66":{"start":{"line":310,"column":12},"end":{"line":313,"column":15}},"67":{"start":{"line":316,"column":33},"end":{"line":316,"column":117}},"68":{"start":{"line":317,"column":8},"end":{"line":322,"column":9}},"69":{"start":{"line":318,"column":12},"end":{"line":321,"column":15}},"70":{"start":{"line":325,"column":34},"end":{"line":328,"column":27}},"71":{"start":{"line":330,"column":8},"end":{"line":336,"column":9}},"72":{"start":{"line":331,"column":12},"end":{"line":331,"column":45}},"73":{"start":{"line":332,"column":12},"end":{"line":335,"column":15}},"74":{"start":{"line":339,"column":32},"end":{"line":341,"column":27}},"75":{"start":{"line":343,"column":8},"end":{"line":349,"column":9}},"76":{"start":{"line":344,"column":12},"end":{"line":344,"column":45}},"77":{"start":{"line":345,"column":12},"end":{"line":348,"column":15}},"78":{"start":{"line":352,"column":26},"end":{"line":356,"column":10}},"79":{"start":{"line":358,"column":8},"end":{"line":358,"column":42}},"80":{"start":{"line":361,"column":31},"end":{"line":370,"column":11}},"81":{"start":{"line":362,"column":34},"end":{"line":365,"column":14}},"82":{"start":{"line":366,"column":12},"end":{"line":366,"column":50}},"83":{"start":{"line":367,"column":12},"end":{"line":369,"column":14}},"84":{"start":{"line":373,"column":8},"end":{"line":373,"column":42}},"85":{"start":{"line":375,"column":8},"end":{"line":378,"column":11}},"86":{"start":{"line":381,"column":8},"end":{"line":381,"column":41}},"87":{"start":{"line":382,"column":8},"end":{"line":382,"column":58}},"88":{"start":{"line":383,"column":8},"end":{"line":387,"column":11}},"89":{"start":{"line":390,"column":8},"end":{"line":390,"column":29}},"90":{"start":{"line":394,"column":28},"end":{"line":503,"column":1}},"91":{"start":{"line":395,"column":4},"end":{"line":502,"column":5}},"92":{"start":{"line":396,"column":28},"end":{"line":396,"column":37}},"93":{"start":{"line":397,"column":23},"end":{"line":397,"column":34}},"94":{"start":{"line":399,"column":8},"end":{"line":404,"column":9}},"95":{"start":{"line":400,"column":12},"end":{"line":403,"column":15}},"96":{"start":{"line":407,"column":26},"end":{"line":410,"column":10}},"97":{"start":{"line":412,"column":8},"end":{"line":418,"column":9}},"98":{"start":{"line":413,"column":12},"end":{"line":417,"column":15}},"99":{"start":{"line":421,"column":26},"end":{"line":458,"column":10}},"100":{"start":{"line":460,"column":8},"end":{"line":465,"column":9}},"101":{"start":{"line":461,"column":12},"end":{"line":464,"column":15}},"102":{"start":{"line":467,"column":22},"end":{"line":467,"column":34}},"103":{"start":{"line":470,"column":8},"end":{"line":472,"column":9}},"104":{"start":{"line":471,"column":12},"end":{"line":471,"column":69}},"105":{"start":{"line":475,"column":41},"end":{"line":479,"column":10}},"106":{"start":{"line":481,"column":8},"end":{"line":494,"column":11}},"107":{"start":{"line":496,"column":8},"end":{"line":496,"column":62}},"108":{"start":{"line":497,"column":8},"end":{"line":501,"column":11}},"109":{"start":{"line":505,"column":32},"end":{"line":619,"column":1}},"110":{"start":{"line":506,"column":4},"end":{"line":618,"column":5}},"111":{"start":{"line":507,"column":28},"end":{"line":507,"column":37}},"112":{"start":{"line":508,"column":23},"end":{"line":508,"column":34}},"113":{"start":{"line":510,"column":8},"end":{"line":515,"column":9}},"114":{"start":{"line":511,"column":12},"end":{"line":514,"column":15}},"115":{"start":{"line":518,"column":26},"end":{"line":521,"column":10}},"116":{"start":{"line":523,"column":8},"end":{"line":528,"column":9}},"117":{"start":{"line":524,"column":12},"end":{"line":527,"column":15}},"118":{"start":{"line":531,"column":27},"end":{"line":595,"column":10}},"119":{"start":{"line":597,"column":8},"end":{"line":602,"column":9}},"120":{"start":{"line":598,"column":12},"end":{"line":601,"column":15}},"121":{"start":{"line":604,"column":8},"end":{"line":609,"column":11}},"122":{"start":{"line":612,"column":8},"end":{"line":612,"column":66}},"123":{"start":{"line":613,"column":8},"end":{"line":617,"column":11}},"124":{"start":{"line":621,"column":28},"end":{"line":794,"column":1}},"125":{"start":{"line":622,"column":4},"end":{"line":793,"column":5}},"126":{"start":{"line":623,"column":28},"end":{"line":623,"column":37}},"127":{"start":{"line":625,"column":8},"end":{"line":630,"column":9}},"128":{"start":{"line":626,"column":12},"end":{"line":629,"column":15}},"129":{"start":{"line":633,"column":32},"end":{"line":770,"column":10}},"130":{"start":{"line":773,"column":35},"end":{"line":775,"column":10}},"131":{"start":{"line":777,"column":8},"end":{"line":784,"column":11}},"132":{"start":{"line":787,"column":8},"end":{"line":787,"column":60}},"133":{"start":{"line":788,"column":8},"end":{"line":792,"column":11}},"134":{"start":{"line":796,"column":36},"end":{"line":1058,"column":1}},"135":{"start":{"line":797,"column":4},"end":{"line":1057,"column":5}},"136":{"start":{"line":798,"column":28},"end":{"line":798,"column":37}},"137":{"start":{"line":800,"column":8},"end":{"line":805,"column":9}},"138":{"start":{"line":801,"column":12},"end":{"line":804,"column":15}},"139":{"start":{"line":808,"column":33},"end":{"line":1036,"column":10}},"140":{"start":{"line":1039,"column":34},"end":{"line":1039,"column":119}},"141":{"start":{"line":1041,"column":8},"end":{"line":1048,"column":11}},"142":{"start":{"line":1051,"column":8},"end":{"line":1051,"column":70}},"143":{"start":{"line":1052,"column":8},"end":{"line":1056,"column":11}},"144":{"start":{"line":1060,"column":0},"end":{"line":1068,"column":2}}},"fnMap":{"0":{"name":"(anonymous_0)","decl":{"start":{"line":13,"column":24},"end":{"line":13,"column":25}},"loc":{"start":{"line":13,"column":44},"end":{"line":77,"column":1}},"line":13},"1":{"name":"(anonymous_1)","decl":{"start":{"line":47,"column":47},"end":{"line":47,"column":48}},"loc":{"start":{"line":47,"column":55},"end":{"line":47,"column":85}},"line":47},"2":{"name":"(anonymous_2)","decl":{"start":{"line":47,"column":94},"end":{"line":47,"column":95}},"loc":{"start":{"line":47,"column":109},"end":{"line":47,"column":126}},"line":47},"3":{"name":"(anonymous_3)","decl":{"start":{"line":60,"column":41},"end":{"line":60,"column":42}},"loc":{"start":{"line":60,"column":50},"end":{"line":63,"column":9}},"line":60},"4":{"name":"(anonymous_4)","decl":{"start":{"line":79,"column":22},"end":{"line":79,"column":23}},"loc":{"start":{"line":79,"column":42},"end":{"line":298,"column":1}},"line":79},"5":{"name":"(anonymous_5)","decl":{"start":{"line":300,"column":24},"end":{"line":300,"column":25}},"loc":{"start":{"line":300,"column":44},"end":{"line":392,"column":1}},"line":300},"6":{"name":"(anonymous_6)","decl":{"start":{"line":361,"column":69},"end":{"line":361,"column":70}},"loc":{"start":{"line":361,"column":90},"end":{"line":370,"column":9}},"line":361},"7":{"name":"(anonymous_7)","decl":{"start":{"line":394,"column":28},"end":{"line":394,"column":29}},"loc":{"start":{"line":394,"column":48},"end":{"line":503,"column":1}},"line":394},"8":{"name":"(anonymous_8)","decl":{"start":{"line":505,"column":32},"end":{"line":505,"column":33}},"loc":{"start":{"line":505,"column":52},"end":{"line":619,"column":1}},"line":505},"9":{"name":"(anonymous_9)","decl":{"start":{"line":621,"column":28},"end":{"line":621,"column":29}},"loc":{"start":{"line":621,"column":48},"end":{"line":794,"column":1}},"line":621},"10":{"name":"(anonymous_10)","decl":{"start":{"line":796,"column":36},"end":{"line":796,"column":37}},"loc":{"start":{"line":796,"column":56},"end":{"line":1058,"column":1}},"line":796}},"branchMap":{"0":{"loc":{"start":{"line":27,"column":8},"end":{"line":29,"column":9}},"type":"if","locations":[{"start":{"line":27,"column":8},"end":{"line":29,"column":9}},{"start":{},"end":{}}],"line":27},"1":{"loc":{"start":{"line":32,"column":8},"end":{"line":34,"column":9}},"type":"if","locations":[{"start":{"line":32,"column":8},"end":{"line":34,"column":9}},{"start":{},"end":{}}],"line":32},"2":{"loc":{"start":{"line":37,"column":8},"end":{"line":39,"column":9}},"type":"if","locations":[{"start":{"line":37,"column":8},"end":{"line":39,"column":9}},{"start":{},"end":{}}],"line":37},"3":{"loc":{"start":{"line":41,"column":8},"end":{"line":43,"column":9}},"type":"if","locations":[{"start":{"line":41,"column":8},"end":{"line":43,"column":9}},{"start":{},"end":{}}],"line":41},"4":{"loc":{"start":{"line":41,"column":12},"end":{"line":41,"column":75}},"type":"binary-expr","locations":[{"start":{"line":41,"column":12},"end":{"line":41,"column":43}},{"start":{"line":41,"column":47},"end":{"line":41,"column":75}}],"line":41},"5":{"loc":{"start":{"line":47,"column":8},"end":{"line":49,"column":9}},"type":"if","locations":[{"start":{"line":47,"column":8},"end":{"line":49,"column":9}},{"start":{},"end":{}}],"line":47},"6":{"loc":{"start":{"line":84,"column":8},"end":{"line":89,"column":9}},"type":"if","locations":[{"start":{"line":84,"column":8},"end":{"line":89,"column":9}},{"start":{},"end":{}}],"line":84},"7":{"loc":{"start":{"line":85,"column":12},"end":{"line":87,"column":13}},"type":"if","locations":[{"start":{"line":85,"column":12},"end":{"line":87,"column":13}},{"start":{},"end":{}}],"line":85},"8":{"loc":{"start":{"line":95,"column":8},"end":{"line":106,"column":9}},"type":"if","locations":[{"start":{"line":95,"column":8},"end":{"line":106,"column":9}},{"start":{},"end":{}}],"line":95},"9":{"loc":{"start":{"line":267,"column":32},"end":{"line":273,"column":9}},"type":"binary-expr","locations":[{"start":{"line":267,"column":32},"end":{"line":267,"column":54}},{"start":{"line":267,"column":58},"end":{"line":273,"column":9}}],"line":267},"10":{"loc":{"start":{"line":309,"column":8},"end":{"line":314,"column":9}},"type":"if","locations":[{"start":{"line":309,"column":8},"end":{"line":314,"column":9}},{"start":{},"end":{}}],"line":309},"11":{"loc":{"start":{"line":317,"column":8},"end":{"line":322,"column":9}},"type":"if","locations":[{"start":{"line":317,"column":8},"end":{"line":322,"column":9}},{"start":{},"end":{}}],"line":317},"12":{"loc":{"start":{"line":330,"column":8},"end":{"line":336,"column":9}},"type":"if","locations":[{"start":{"line":330,"column":8},"end":{"line":336,"column":9}},{"start":{},"end":{}}],"line":330},"13":{"loc":{"start":{"line":343,"column":8},"end":{"line":349,"column":9}},"type":"if","locations":[{"start":{"line":343,"column":8},"end":{"line":349,"column":9}},{"start":{},"end":{}}],"line":343},"14":{"loc":{"start":{"line":399,"column":8},"end":{"line":404,"column":9}},"type":"if","locations":[{"start":{"line":399,"column":8},"end":{"line":404,"column":9}},{"start":{},"end":{}}],"line":399},"15":{"loc":{"start":{"line":412,"column":8},"end":{"line":418,"column":9}},"type":"if","locations":[{"start":{"line":412,"column":8},"end":{"line":418,"column":9}},{"start":{},"end":{}}],"line":412},"16":{"loc":{"start":{"line":460,"column":8},"end":{"line":465,"column":9}},"type":"if","locations":[{"start":{"line":460,"column":8},"end":{"line":465,"column":9}},{"start":{},"end":{}}],"line":460},"17":{"loc":{"start":{"line":470,"column":8},"end":{"line":472,"column":9}},"type":"if","locations":[{"start":{"line":470,"column":8},"end":{"line":472,"column":9}},{"start":{},"end":{}}],"line":470},"18":{"loc":{"start":{"line":510,"column":8},"end":{"line":515,"column":9}},"type":"if","locations":[{"start":{"line":510,"column":8},"end":{"line":515,"column":9}},{"start":{},"end":{}}],"line":510},"19":{"loc":{"start":{"line":523,"column":8},"end":{"line":528,"column":9}},"type":"if","locations":[{"start":{"line":523,"column":8},"end":{"line":528,"column":9}},{"start":{},"end":{}}],"line":523},"20":{"loc":{"start":{"line":597,"column":8},"end":{"line":602,"column":9}},"type":"if","locations":[{"start":{"line":597,"column":8},"end":{"line":602,"column":9}},{"start":{},"end":{}}],"line":597},"21":{"loc":{"start":{"line":625,"column":8},"end":{"line":630,"column":9}},"type":"if","locations":[{"start":{"line":625,"column":8},"end":{"line":630,"column":9}},{"start":{},"end":{}}],"line":625},"22":{"loc":{"start":{"line":800,"column":8},"end":{"line":805,"column":9}},"type":"if","locations":[{"start":{"line":800,"column":8},"end":{"line":805,"column":9}},{"start":{},"end":{}}],"line":800}},"s":{"0":2,"1":2,"2":2,"3":2,"4":2,"5":2,"6":2,"7":2,"8":2,"9":2,"10":2,"11":2,"12":0,"13":0,"14":0,"15":0,"16":0,"17":0,"18":0,"19":0,"20":0,"21":0,"22":0,"23":0,"24":0,"25":0,"26":0,"27":0,"28":0,"29":0,"30":0,"31":0,"32":0,"33":0,"34":0,"35":0,"36":0,"37":0,"38":0,"39":0,"40":0,"41":0,"42":2,"43":0,"44":0,"45":0,"46":0,"47":0,"48":0,"49":0,"50":0,"51":0,"52":0,"53":0,"54":0,"55":0,"56":0,"57":0,"58":0,"59":2,"60":0,"61":0,"62":0,"63":0,"64":0,"65":0,"66":0,"67":0,"68":0,"69":0,"70":0,"71":0,"72":0,"73":0,"74":0,"75":0,"76":0,"77":0,"78":0,"79":0,"80":0,"81":0,"82":0,"83":0,"84":0,"85":0,"86":0,"87":0,"88":0,"89":0,"90":2,"91":0,"92":0,"93":0,"94":0,"95":0,"96":0,"97":0,"98":0,"99":0,"100":0,"101":0,"102":0,"103":0,"104":0,"105":0,"106":0,"107":0,"108":0,"109":2,"110":0,"111":0,"112":0,"113":0,"114":0,"115":0,"116":0,"117":0,"118":0,"119":0,"120":0,"121":0,"122":0,"123":0,"124":2,"125":0,"126":0,"127":0,"128":0,"129":0,"130":0,"131":0,"132":0,"133":0,"134":2,"135":0,"136":0,"137":0,"138":0,"139":0,"140":0,"141":0,"142":0,"143":0,"144":2},"f":{"0":0,"1":0,"2":0,"3":0,"4":0,"5":0,"6":0,"7":0,"8":0,"9":0,"10":0},"b":{"0":[0,0],"1":[0,0],"2":[0,0],"3":[0,0],"4":[0,0],"5":[0,0],"6":[0,0],"7":[0,0],"8":[0,0],"9":[0,0],"10":[0,0],"11":[0,0],"12":[0,0],"13":[0,0],"14":[0,0],"15":[0,0],"16":[0,0],"17":[0,0],"18":[0,0],"19":[0,0],"20":[0,0],"21":[0,0],"22":[0,0]},"_coverageSchema":"1a1c01bbd47fc00a2c39e90264f33305004495a9","hash":"c884e704510c3a7a6eab7da2f46f70e1ddf39628"}
,"/Users/dhairyapatel/Desktop/Quest/backend/src/controllers/questController.js": {"path":"/Users/dhairyapatel/Desktop/Quest/backend/src/controllers/questController.js","statementMap":{"0":{"start":{"line":1,"column":14},"end":{"line":1,"column":43}},"1":{"start":{"line":2,"column":20},"end":{"line":2,"column":56}},"2":{"start":{"line":3,"column":18},"end":{"line":3,"column":51}},"3":{"start":{"line":4,"column":18},"end":{"line":4,"column":51}},"4":{"start":{"line":5,"column":19},"end":{"line":5,"column":53}},"5":{"start":{"line":6,"column":18},"end":{"line":6,"column":51}},"6":{"start":{"line":7,"column":17},"end":{"line":7,"column":36}},"7":{"start":{"line":9,"column":30},"end":{"line":43,"column":1}},"8":{"start":{"line":10,"column":4},"end":{"line":42,"column":5}},"9":{"start":{"line":11,"column":38},"end":{"line":11,"column":46}},"10":{"start":{"line":12,"column":28},"end":{"line":12,"column":94}},"11":{"start":{"line":13,"column":23},"end":{"line":16,"column":10}},"12":{"start":{"line":18,"column":8},"end":{"line":23,"column":9}},"13":{"start":{"line":19,"column":12},"end":{"line":22,"column":15}},"14":{"start":{"line":21,"column":55},"end":{"line":21,"column":66}},"15":{"start":{"line":25,"column":30},"end":{"line":25,"column":79}},"16":{"start":{"line":26,"column":8},"end":{"line":28,"column":9}},"17":{"start":{"line":27,"column":12},"end":{"line":27,"column":109}},"18":{"start":{"line":31,"column":25},"end":{"line":35,"column":10}},"19":{"start":{"line":37,"column":28},"end":{"line":37,"column":49}},"20":{"start":{"line":38,"column":8},"end":{"line":38,"column":107}},"21":{"start":{"line":41,"column":8},"end":{"line":41,"column":104}},"22":{"start":{"line":45,"column":27},"end":{"line":165,"column":1}},"23":{"start":{"line":46,"column":4},"end":{"line":164,"column":5}},"24":{"start":{"line":47,"column":26},"end":{"line":47,"column":51}},"25":{"start":{"line":50,"column":31},"end":{"line":108,"column":11}},"26":{"start":{"line":52,"column":38},"end":{"line":54,"column":14}},"27":{"start":{"line":56,"column":36},"end":{"line":58,"column":14}},"28":{"start":{"line":60,"column":33},"end":{"line":60,"column":80}},"29":{"start":{"line":60,"column":66},"end":{"line":60,"column":79}},"30":{"start":{"line":63,"column":33},"end":{"line":88,"column":14}},"31":{"start":{"line":94,"column":30},"end":{"line":94,"column":42}},"32":{"start":{"line":95,"column":12},"end":{"line":97,"column":13}},"33":{"start":{"line":96,"column":16},"end":{"line":96,"column":81}},"34":{"start":{"line":99,"column":12},"end":{"line":107,"column":14}},"35":{"start":{"line":110,"column":40},"end":{"line":140,"column":10}},"36":{"start":{"line":143,"column":29},"end":{"line":149,"column":9}},"37":{"start":{"line":144,"column":62},"end":{"line":144,"column":90}},"38":{"start":{"line":145,"column":69},"end":{"line":145,"column":108}},"39":{"start":{"line":146,"column":68},"end":{"line":146,"column":106}},"40":{"start":{"line":147,"column":69},"end":{"line":147,"column":108}},"41":{"start":{"line":151,"column":8},"end":{"line":155,"column":11}},"42":{"start":{"line":158,"column":8},"end":{"line":158,"column":59}},"43":{"start":{"line":159,"column":8},"end":{"line":163,"column":11}},"44":{"start":{"line":167,"column":32},"end":{"line":192,"column":1}},"45":{"start":{"line":168,"column":4},"end":{"line":191,"column":5}},"46":{"start":{"line":169,"column":23},"end":{"line":169,"column":33}},"47":{"start":{"line":170,"column":22},"end":{"line":170,"column":46}},"48":{"start":{"line":171,"column":8},"end":{"line":173,"column":9}},"49":{"start":{"line":172,"column":12},"end":{"line":172,"column":72}},"50":{"start":{"line":174,"column":8},"end":{"line":176,"column":9}},"51":{"start":{"line":175,"column":12},"end":{"line":175,"column":94}},"52":{"start":{"line":178,"column":28},"end":{"line":178,"column":38}},"53":{"start":{"line":179,"column":24},"end":{"line":179,"column":72}},"54":{"start":{"line":181,"column":8},"end":{"line":183,"column":9}},"55":{"start":{"line":182,"column":12},"end":{"line":182,"column":80}},"56":{"start":{"line":185,"column":8},"end":{"line":185,"column":81}},"57":{"start":{"line":186,"column":8},"end":{"line":186,"column":27}},"58":{"start":{"line":188,"column":8},"end":{"line":188,"column":134}},"59":{"start":{"line":190,"column":8},"end":{"line":190,"column":80}},"60":{"start":{"line":194,"column":24},"end":{"line":247,"column":1}},"61":{"start":{"line":195,"column":4},"end":{"line":246,"column":5}},"62":{"start":{"line":196,"column":28},"end":{"line":196,"column":38}},"63":{"start":{"line":197,"column":23},"end":{"line":197,"column":34}},"64":{"start":{"line":200,"column":29},"end":{"line":212,"column":42}},"65":{"start":{"line":215,"column":31},"end":{"line":238,"column":11}},"66":{"start":{"line":217,"column":38},"end":{"line":219,"column":14}},"67":{"start":{"line":222,"column":36},"end":{"line":225,"column":38}},"68":{"start":{"line":228,"column":29},"end":{"line":228,"column":41}},"69":{"start":{"line":229,"column":12},"end":{"line":231,"column":13}},"70":{"start":{"line":230,"column":16},"end":{"line":230,"column":79}},"71":{"start":{"line":233,"column":12},"end":{"line":237,"column":14}},"72":{"start":{"line":240,"column":8},"end":{"line":243,"column":11}},"73":{"start":{"line":245,"column":8},"end":{"line":245,"column":87}},"74":{"start":{"line":249,"column":20},"end":{"line":336,"column":1}},"75":{"start":{"line":250,"column":4},"end":{"line":335,"column":5}},"76":{"start":{"line":251,"column":23},"end":{"line":251,"column":33}},"77":{"start":{"line":254,"column":25},"end":{"line":254,"column":76}},"78":{"start":{"line":257,"column":23},"end":{"line":263,"column":10}},"79":{"start":{"line":265,"column":8},"end":{"line":270,"column":9}},"80":{"start":{"line":266,"column":12},"end":{"line":269,"column":15}},"81":{"start":{"line":268,"column":55},"end":{"line":268,"column":66}},"82":{"start":{"line":273,"column":30},"end":{"line":273,"column":54}},"83":{"start":{"line":274,"column":8},"end":{"line":279,"column":9}},"84":{"start":{"line":275,"column":12},"end":{"line":278,"column":15}},"85":{"start":{"line":282,"column":8},"end":{"line":287,"column":9}},"86":{"start":{"line":283,"column":12},"end":{"line":286,"column":15}},"87":{"start":{"line":290,"column":30},"end":{"line":293,"column":10}},"88":{"start":{"line":294,"column":8},"end":{"line":299,"column":9}},"89":{"start":{"line":295,"column":12},"end":{"line":298,"column":15}},"90":{"start":{"line":302,"column":27},"end":{"line":309,"column":9}},"91":{"start":{"line":312,"column":29},"end":{"line":316,"column":9}},"92":{"start":{"line":319,"column":8},"end":{"line":326,"column":11}},"93":{"start":{"line":329,"column":8},"end":{"line":329,"column":52}},"94":{"start":{"line":330,"column":8},"end":{"line":334,"column":11}},"95":{"start":{"line":338,"column":22},"end":{"line":359,"column":1}},"96":{"start":{"line":339,"column":4},"end":{"line":358,"column":5}},"97":{"start":{"line":340,"column":28},"end":{"line":340,"column":38}},"98":{"start":{"line":341,"column":23},"end":{"line":341,"column":34}},"99":{"start":{"line":342,"column":8},"end":{"line":344,"column":9}},"100":{"start":{"line":343,"column":12},"end":{"line":343,"column":89}},"101":{"start":{"line":345,"column":26},"end":{"line":345,"column":95}},"102":{"start":{"line":346,"column":8},"end":{"line":348,"column":9}},"103":{"start":{"line":347,"column":12},"end":{"line":347,"column":93}},"104":{"start":{"line":349,"column":8},"end":{"line":351,"column":9}},"105":{"start":{"line":350,"column":12},"end":{"line":350,"column":96}},"106":{"start":{"line":352,"column":8},"end":{"line":352,"column":39}},"107":{"start":{"line":353,"column":8},"end":{"line":353,"column":31}},"108":{"start":{"line":354,"column":8},"end":{"line":354,"column":99}},"109":{"start":{"line":357,"column":8},"end":{"line":357,"column":104}},"110":{"start":{"line":360,"column":0},"end":{"line":367,"column":1}}},"fnMap":{"0":{"name":"(anonymous_0)","decl":{"start":{"line":9,"column":30},"end":{"line":9,"column":31}},"loc":{"start":{"line":9,"column":50},"end":{"line":43,"column":1}},"line":9},"1":{"name":"(anonymous_1)","decl":{"start":{"line":21,"column":48},"end":{"line":21,"column":49}},"loc":{"start":{"line":21,"column":55},"end":{"line":21,"column":66}},"line":21},"2":{"name":"(anonymous_2)","decl":{"start":{"line":45,"column":27},"end":{"line":45,"column":28}},"loc":{"start":{"line":45,"column":47},"end":{"line":165,"column":1}},"line":45},"3":{"name":"(anonymous_3)","decl":{"start":{"line":50,"column":63},"end":{"line":50,"column":64}},"loc":{"start":{"line":50,"column":80},"end":{"line":108,"column":9}},"line":50},"4":{"name":"(anonymous_4)","decl":{"start":{"line":60,"column":53},"end":{"line":60,"column":54}},"loc":{"start":{"line":60,"column":66},"end":{"line":60,"column":79}},"line":60},"5":{"name":"(anonymous_5)","decl":{"start":{"line":144,"column":53},"end":{"line":144,"column":54}},"loc":{"start":{"line":144,"column":62},"end":{"line":144,"column":90}},"line":144},"6":{"name":"(anonymous_6)","decl":{"start":{"line":145,"column":53},"end":{"line":145,"column":54}},"loc":{"start":{"line":145,"column":69},"end":{"line":145,"column":108}},"line":145},"7":{"name":"(anonymous_7)","decl":{"start":{"line":146,"column":52},"end":{"line":146,"column":53}},"loc":{"start":{"line":146,"column":68},"end":{"line":146,"column":106}},"line":146},"8":{"name":"(anonymous_8)","decl":{"start":{"line":147,"column":53},"end":{"line":147,"column":54}},"loc":{"start":{"line":147,"column":69},"end":{"line":147,"column":108}},"line":147},"9":{"name":"(anonymous_9)","decl":{"start":{"line":167,"column":32},"end":{"line":167,"column":33}},"loc":{"start":{"line":167,"column":52},"end":{"line":192,"column":1}},"line":167},"10":{"name":"(anonymous_10)","decl":{"start":{"line":194,"column":24},"end":{"line":194,"column":25}},"loc":{"start":{"line":194,"column":44},"end":{"line":247,"column":1}},"line":194},"11":{"name":"(anonymous_11)","decl":{"start":{"line":215,"column":66},"end":{"line":215,"column":67}},"loc":{"start":{"line":215,"column":83},"end":{"line":238,"column":9}},"line":215},"12":{"name":"(anonymous_12)","decl":{"start":{"line":249,"column":20},"end":{"line":249,"column":21}},"loc":{"start":{"line":249,"column":40},"end":{"line":336,"column":1}},"line":249},"13":{"name":"(anonymous_13)","decl":{"start":{"line":268,"column":48},"end":{"line":268,"column":49}},"loc":{"start":{"line":268,"column":55},"end":{"line":268,"column":66}},"line":268},"14":{"name":"(anonymous_14)","decl":{"start":{"line":338,"column":22},"end":{"line":338,"column":23}},"loc":{"start":{"line":338,"column":42},"end":{"line":359,"column":1}},"line":338}},"branchMap":{"0":{"loc":{"start":{"line":12,"column":28},"end":{"line":12,"column":94}},"type":"cond-expr","locations":[{"start":{"line":12,"column":65},"end":{"line":12,"column":80}},{"start":{"line":12,"column":83},"end":{"line":12,"column":94}}],"line":12},"1":{"loc":{"start":{"line":12,"column":28},"end":{"line":12,"column":62}},"type":"binary-expr","locations":[{"start":{"line":12,"column":28},"end":{"line":12,"column":36}},{"start":{"line":12,"column":40},"end":{"line":12,"column":62}}],"line":12},"2":{"loc":{"start":{"line":18,"column":8},"end":{"line":23,"column":9}},"type":"if","locations":[{"start":{"line":18,"column":8},"end":{"line":23,"column":9}},{"start":{},"end":{}}],"line":18},"3":{"loc":{"start":{"line":26,"column":8},"end":{"line":28,"column":9}},"type":"if","locations":[{"start":{"line":26,"column":8},"end":{"line":28,"column":9}},{"start":{},"end":{}}],"line":26},"4":{"loc":{"start":{"line":34,"column":25},"end":{"line":34,"column":58}},"type":"cond-expr","locations":[{"start":{"line":34,"column":36},"end":{"line":34,"column":51}},{"start":{"line":34,"column":54},"end":{"line":34,"column":58}}],"line":34},"5":{"loc":{"start":{"line":95,"column":12},"end":{"line":97,"column":13}},"type":"if","locations":[{"start":{"line":95,"column":12},"end":{"line":97,"column":13}},{"start":{},"end":{}}],"line":95},"6":{"loc":{"start":{"line":103,"column":38},"end":{"line":103,"column":70}},"type":"binary-expr","locations":[{"start":{"line":103,"column":38},"end":{"line":103,"column":65}},{"start":{"line":103,"column":69},"end":{"line":103,"column":70}}],"line":103},"7":{"loc":{"start":{"line":104,"column":39},"end":{"line":104,"column":72}},"type":"binary-expr","locations":[{"start":{"line":104,"column":39},"end":{"line":104,"column":67}},{"start":{"line":104,"column":71},"end":{"line":104,"column":72}}],"line":104},"8":{"loc":{"start":{"line":148,"column":37},"end":{"line":148,"column":92}},"type":"binary-expr","locations":[{"start":{"line":148,"column":37},"end":{"line":148,"column":87}},{"start":{"line":148,"column":91},"end":{"line":148,"column":92}}],"line":148},"9":{"loc":{"start":{"line":171,"column":8},"end":{"line":173,"column":9}},"type":"if","locations":[{"start":{"line":171,"column":8},"end":{"line":173,"column":9}},{"start":{},"end":{}}],"line":171},"10":{"loc":{"start":{"line":174,"column":8},"end":{"line":176,"column":9}},"type":"if","locations":[{"start":{"line":174,"column":8},"end":{"line":176,"column":9}},{"start":{},"end":{}}],"line":174},"11":{"loc":{"start":{"line":179,"column":24},"end":{"line":179,"column":72}},"type":"cond-expr","locations":[{"start":{"line":179,"column":41},"end":{"line":179,"column":65}},{"start":{"line":179,"column":68},"end":{"line":179,"column":72}}],"line":179},"12":{"loc":{"start":{"line":181,"column":8},"end":{"line":183,"column":9}},"type":"if","locations":[{"start":{"line":181,"column":8},"end":{"line":183,"column":9}},{"start":{},"end":{}}],"line":181},"13":{"loc":{"start":{"line":181,"column":12},"end":{"line":181,"column":44}},"type":"binary-expr","locations":[{"start":{"line":181,"column":12},"end":{"line":181,"column":19}},{"start":{"line":181,"column":23},"end":{"line":181,"column":44}}],"line":181},"14":{"loc":{"start":{"line":185,"column":27},"end":{"line":185,"column":79}},"type":"cond-expr","locations":[{"start":{"line":185,"column":59},"end":{"line":185,"column":67}},{"start":{"line":185,"column":70},"end":{"line":185,"column":79}}],"line":185},"15":{"loc":{"start":{"line":188,"column":49},"end":{"line":188,"column":108}},"type":"cond-expr","locations":[{"start":{"line":188,"column":81},"end":{"line":188,"column":94}},{"start":{"line":188,"column":97},"end":{"line":188,"column":108}}],"line":188},"16":{"loc":{"start":{"line":229,"column":12},"end":{"line":231,"column":13}},"type":"if","locations":[{"start":{"line":229,"column":12},"end":{"line":231,"column":13}},{"start":{},"end":{}}],"line":229},"17":{"loc":{"start":{"line":236,"column":33},"end":{"line":236,"column":64}},"type":"binary-expr","locations":[{"start":{"line":236,"column":33},"end":{"line":236,"column":56}},{"start":{"line":236,"column":60},"end":{"line":236,"column":64}}],"line":236},"18":{"loc":{"start":{"line":254,"column":25},"end":{"line":254,"column":76}},"type":"cond-expr","locations":[{"start":{"line":254,"column":52},"end":{"line":254,"column":56}},{"start":{"line":254,"column":59},"end":{"line":254,"column":76}}],"line":254},"19":{"loc":{"start":{"line":265,"column":8},"end":{"line":270,"column":9}},"type":"if","locations":[{"start":{"line":265,"column":8},"end":{"line":270,"column":9}},{"start":{},"end":{}}],"line":265},"20":{"loc":{"start":{"line":274,"column":8},"end":{"line":279,"column":9}},"type":"if","locations":[{"start":{"line":274,"column":8},"end":{"line":279,"column":9}},{"start":{},"end":{}}],"line":274},"21":{"loc":{"start":{"line":282,"column":8},"end":{"line":287,"column":9}},"type":"if","locations":[{"start":{"line":282,"column":8},"end":{"line":287,"column":9}},{"start":{},"end":{}}],"line":282},"22":{"loc":{"start":{"line":294,"column":8},"end":{"line":299,"column":9}},"type":"if","locations":[{"start":{"line":294,"column":8},"end":{"line":299,"column":9}},{"start":{},"end":{}}],"line":294},"23":{"loc":{"start":{"line":308,"column":25},"end":{"line":308,"column":86}},"type":"cond-expr","locations":[{"start":{"line":308,"column":43},"end":{"line":308,"column":58}},{"start":{"line":308,"column":61},"end":{"line":308,"column":86}}],"line":308},"24":{"loc":{"start":{"line":342,"column":8},"end":{"line":344,"column":9}},"type":"if","locations":[{"start":{"line":342,"column":8},"end":{"line":344,"column":9}},{"start":{},"end":{}}],"line":342},"25":{"loc":{"start":{"line":346,"column":8},"end":{"line":348,"column":9}},"type":"if","locations":[{"start":{"line":346,"column":8},"end":{"line":348,"column":9}},{"start":{},"end":{}}],"line":346},"26":{"loc":{"start":{"line":349,"column":8},"end":{"line":351,"column":9}},"type":"if","locations":[{"start":{"line":349,"column":8},"end":{"line":351,"column":9}},{"start":{},"end":{}}],"line":349}},"s":{"0":2,"1":2,"2":2,"3":2,"4":2,"5":2,"6":2,"7":2,"8":0,"9":0,"10":0,"11":0,"12":0,"13":0,"14":0,"15":0,"16":0,"17":0,"18":0,"19":0,"20":0,"21":0,"22":2,"23":0,"24":0,"25":0,"26":0,"27":0,"28":0,"29":0,"30":0,"31":0,"32":0,"33":0,"34":0,"35":0,"36":0,"37":0,"38":0,"39":0,"40":0,"41":0,"42":0,"43":0,"44":2,"45":0,"46":0,"47":0,"48":0,"49":0,"50":0,"51":0,"52":0,"53":0,"54":0,"55":0,"56":0,"57":0,"58":0,"59":0,"60":2,"61":0,"62":0,"63":0,"64":0,"65":0,"66":0,"67":0,"68":0,"69":0,"70":0,"71":0,"72":0,"73":0,"74":2,"75":0,"76":0,"77":0,"78":0,"79":0,"80":0,"81":0,"82":0,"83":0,"84":0,"85":0,"86":0,"87":0,"88":0,"89":0,"90":0,"91":0,"92":0,"93":0,"94":0,"95":2,"96":0,"97":0,"98":0,"99":0,"100":0,"101":0,"102":0,"103":0,"104":0,"105":0,"106":0,"107":0,"108":0,"109":0,"110":2},"f":{"0":0,"1":0,"2":0,"3":0,"4":0,"5":0,"6":0,"7":0,"8":0,"9":0,"10":0,"11":0,"12":0,"13":0,"14":0},"b":{"0":[0,0],"1":[0,0],"2":[0,0],"3":[0,0],"4":[0,0],"5":[0,0],"6":[0,0],"7":[0,0],"8":[0,0],"9":[0,0],"10":[0,0],"11":[0,0],"12":[0,0],"13":[0,0],"14":[0,0],"15":[0,0],"16":[0,0],"17":[0,0],"18":[0,0],"19":[0,0],"20":[0,0],"21":[0,0],"22":[0,0],"23":[0,0],"24":[0,0],"25":[0,0],"26":[0,0]},"_coverageSchema":"1a1c01bbd47fc00a2c39e90264f33305004495a9","hash":"c2f9236fc3ff610edc3ec284b31382ac40d2ed2e"}
,"/Users/dhairyapatel/Desktop/Quest/backend/src/controllers/userController.js": {"path":"/Users/dhairyapatel/Desktop/Quest/backend/src/controllers/userController.js","statementMap":{"0":{"start":{"line":1,"column":15},"end":{"line":1,"column":32}},"1":{"start":{"line":2,"column":17},"end":{"line":2,"column":36}},"2":{"start":{"line":3,"column":17},"end":{"line":3,"column":40}},"3":{"start":{"line":4,"column":20},"end":{"line":4,"column":56}},"4":{"start":{"line":5,"column":19},"end":{"line":5,"column":53}},"5":{"start":{"line":6,"column":24},"end":{"line":6,"column":63}},"6":{"start":{"line":8,"column":19},"end":{"line":42,"column":1}},"7":{"start":{"line":9,"column":4},"end":{"line":41,"column":5}},"8":{"start":{"line":10,"column":60},"end":{"line":10,"column":68}},"9":{"start":{"line":12,"column":23},"end":{"line":12,"column":54}},"10":{"start":{"line":14,"column":8},"end":{"line":20,"column":9}},"11":{"start":{"line":15,"column":12},"end":{"line":19,"column":15}},"12":{"start":{"line":18,"column":55},"end":{"line":18,"column":66}},"13":{"start":{"line":22,"column":29},"end":{"line":22,"column":61}},"14":{"start":{"line":23,"column":8},"end":{"line":25,"column":9}},"15":{"start":{"line":24,"column":12},"end":{"line":24,"column":96}},"16":{"start":{"line":27,"column":22},"end":{"line":27,"column":46}},"17":{"start":{"line":28,"column":31},"end":{"line":28,"column":65}},"18":{"start":{"line":30,"column":24},"end":{"line":35,"column":10}},"19":{"start":{"line":37,"column":8},"end":{"line":37,"column":29}},"20":{"start":{"line":38,"column":8},"end":{"line":38,"column":88}},"21":{"start":{"line":40,"column":8},"end":{"line":40,"column":99}},"22":{"start":{"line":44,"column":23},"end":{"line":137,"column":1}},"23":{"start":{"line":45,"column":4},"end":{"line":136,"column":5}},"24":{"start":{"line":46,"column":23},"end":{"line":46,"column":34}},"25":{"start":{"line":49,"column":8},"end":{"line":54,"column":9}},"26":{"start":{"line":50,"column":12},"end":{"line":53,"column":15}},"27":{"start":{"line":57,"column":28},"end":{"line":87,"column":10}},"28":{"start":{"line":90,"column":24},"end":{"line":100,"column":9}},"29":{"start":{"line":92,"column":62},"end":{"line":92,"column":88}},"30":{"start":{"line":93,"column":60},"end":{"line":93,"column":96}},"31":{"start":{"line":94,"column":58},"end":{"line":94,"column":72}},"32":{"start":{"line":95,"column":57},"end":{"line":95,"column":72}},"33":{"start":{"line":97,"column":16},"end":{"line":98,"column":123}},"34":{"start":{"line":103,"column":34},"end":{"line":119,"column":10}},"35":{"start":{"line":104,"column":25},"end":{"line":104,"column":33}},"36":{"start":{"line":106,"column":12},"end":{"line":109,"column":13}},"37":{"start":{"line":107,"column":35},"end":{"line":107,"column":128}},"38":{"start":{"line":108,"column":16},"end":{"line":108,"column":74}},"39":{"start":{"line":111,"column":12},"end":{"line":118,"column":14}},"40":{"start":{"line":121,"column":8},"end":{"line":127,"column":11}},"41":{"start":{"line":130,"column":8},"end":{"line":130,"column":61}},"42":{"start":{"line":131,"column":8},"end":{"line":135,"column":11}},"43":{"start":{"line":139,"column":20},"end":{"line":232,"column":1}},"44":{"start":{"line":140,"column":20},"end":{"line":140,"column":49}},"45":{"start":{"line":141,"column":4},"end":{"line":141,"column":31}},"46":{"start":{"line":143,"column":4},"end":{"line":231,"column":5}},"47":{"start":{"line":144,"column":23},"end":{"line":144,"column":33}},"48":{"start":{"line":147,"column":27},"end":{"line":164,"column":27}},"49":{"start":{"line":166,"column":8},"end":{"line":169,"column":9}},"50":{"start":{"line":167,"column":12},"end":{"line":167,"column":45}},"51":{"start":{"line":168,"column":12},"end":{"line":168,"column":89}},"52":{"start":{"line":171,"column":23},"end":{"line":171,"column":36}},"53":{"start":{"line":173,"column":8},"end":{"line":176,"column":9}},"54":{"start":{"line":174,"column":12},"end":{"line":174,"column":45}},"55":{"start":{"line":175,"column":12},"end":{"line":175,"column":95}},"56":{"start":{"line":179,"column":33},"end":{"line":183,"column":9}},"57":{"start":{"line":185,"column":8},"end":{"line":188,"column":9}},"58":{"start":{"line":186,"column":12},"end":{"line":186,"column":45}},"59":{"start":{"line":187,"column":12},"end":{"line":187,"column":87}},"60":{"start":{"line":191,"column":35},"end":{"line":200,"column":9}},"61":{"start":{"line":202,"column":8},"end":{"line":205,"column":9}},"62":{"start":{"line":203,"column":12},"end":{"line":203,"column":45}},"63":{"start":{"line":204,"column":12},"end":{"line":204,"column":103}},"64":{"start":{"line":208,"column":8},"end":{"line":208,"column":42}},"65":{"start":{"line":210,"column":8},"end":{"line":217,"column":11}},"66":{"start":{"line":221,"column":8},"end":{"line":221,"column":41}},"67":{"start":{"line":222,"column":8},"end":{"line":222,"column":55}},"68":{"start":{"line":223,"column":8},"end":{"line":227,"column":11}},"69":{"start":{"line":230,"column":8},"end":{"line":230,"column":29}},"70":{"start":{"line":234,"column":0},"end":{"line":238,"column":1}}},"fnMap":{"0":{"name":"(anonymous_0)","decl":{"start":{"line":8,"column":19},"end":{"line":8,"column":20}},"loc":{"start":{"line":8,"column":39},"end":{"line":42,"column":1}},"line":8},"1":{"name":"(anonymous_1)","decl":{"start":{"line":18,"column":48},"end":{"line":18,"column":49}},"loc":{"start":{"line":18,"column":55},"end":{"line":18,"column":66}},"line":18},"2":{"name":"(anonymous_2)","decl":{"start":{"line":44,"column":23},"end":{"line":44,"column":24}},"loc":{"start":{"line":44,"column":43},"end":{"line":137,"column":1}},"line":44},"3":{"name":"(anonymous_3)","decl":{"start":{"line":92,"column":45},"end":{"line":92,"column":46}},"loc":{"start":{"line":92,"column":62},"end":{"line":92,"column":88}},"line":92},"4":{"name":"(anonymous_4)","decl":{"start":{"line":93,"column":50},"end":{"line":93,"column":51}},"loc":{"start":{"line":93,"column":60},"end":{"line":93,"column":96}},"line":93},"5":{"name":"(anonymous_5)","decl":{"start":{"line":94,"column":48},"end":{"line":94,"column":49}},"loc":{"start":{"line":94,"column":58},"end":{"line":94,"column":72}},"line":94},"6":{"name":"(anonymous_6)","decl":{"start":{"line":95,"column":47},"end":{"line":95,"column":48}},"loc":{"start":{"line":95,"column":57},"end":{"line":95,"column":72}},"line":95},"7":{"name":"(anonymous_7)","decl":{"start":{"line":96,"column":48},"end":{"line":96,"column":49}},"loc":{"start":{"line":97,"column":16},"end":{"line":98,"column":123}},"line":97},"8":{"name":"(anonymous_8)","decl":{"start":{"line":103,"column":50},"end":{"line":103,"column":51}},"loc":{"start":{"line":103,"column":60},"end":{"line":119,"column":9}},"line":103},"9":{"name":"(anonymous_9)","decl":{"start":{"line":139,"column":20},"end":{"line":139,"column":21}},"loc":{"start":{"line":139,"column":40},"end":{"line":232,"column":1}},"line":139}},"branchMap":{"0":{"loc":{"start":{"line":14,"column":8},"end":{"line":20,"column":9}},"type":"if","locations":[{"start":{"line":14,"column":8},"end":{"line":20,"column":9}},{"start":{},"end":{}}],"line":14},"1":{"loc":{"start":{"line":23,"column":8},"end":{"line":25,"column":9}},"type":"if","locations":[{"start":{"line":23,"column":8},"end":{"line":25,"column":9}},{"start":{},"end":{}}],"line":23},"2":{"loc":{"start":{"line":49,"column":8},"end":{"line":54,"column":9}},"type":"if","locations":[{"start":{"line":49,"column":8},"end":{"line":54,"column":9}},{"start":{},"end":{}}],"line":49},"3":{"loc":{"start":{"line":92,"column":69},"end":{"line":92,"column":87}},"type":"binary-expr","locations":[{"start":{"line":92,"column":69},"end":{"line":92,"column":82}},{"start":{"line":92,"column":86},"end":{"line":92,"column":87}}],"line":92},"4":{"loc":{"start":{"line":97,"column":16},"end":{"line":98,"column":123}},"type":"binary-expr","locations":[{"start":{"line":97,"column":16},"end":{"line":97,"column":30}},{"start":{"line":98,"column":16},"end":{"line":98,"column":123}}],"line":97},"5":{"loc":{"start":{"line":106,"column":12},"end":{"line":109,"column":13}},"type":"if","locations":[{"start":{"line":106,"column":12},"end":{"line":109,"column":13}},{"start":{},"end":{}}],"line":106},"6":{"loc":{"start":{"line":108,"column":25},"end":{"line":108,"column":73}},"type":"cond-expr","locations":[{"start":{"line":108,"column":52},"end":{"line":108,"column":61}},{"start":{"line":108,"column":64},"end":{"line":108,"column":73}}],"line":108},"7":{"loc":{"start":{"line":117,"column":20},"end":{"line":117,"column":69}},"type":"binary-expr","locations":[{"start":{"line":117,"column":20},"end":{"line":117,"column":33}},{"start":{"line":117,"column":37},"end":{"line":117,"column":69}}],"line":117},"8":{"loc":{"start":{"line":166,"column":8},"end":{"line":169,"column":9}},"type":"if","locations":[{"start":{"line":166,"column":8},"end":{"line":169,"column":9}},{"start":{},"end":{}}],"line":166},"9":{"loc":{"start":{"line":173,"column":8},"end":{"line":176,"column":9}},"type":"if","locations":[{"start":{"line":173,"column":8},"end":{"line":176,"column":9}},{"start":{},"end":{}}],"line":173},"10":{"loc":{"start":{"line":181,"column":30},"end":{"line":181,"column":62}},"type":"binary-expr","locations":[{"start":{"line":181,"column":30},"end":{"line":181,"column":57}},{"start":{"line":181,"column":61},"end":{"line":181,"column":62}}],"line":181},"11":{"loc":{"start":{"line":185,"column":8},"end":{"line":188,"column":9}},"type":"if","locations":[{"start":{"line":185,"column":8},"end":{"line":188,"column":9}},{"start":{},"end":{}}],"line":185},"12":{"loc":{"start":{"line":202,"column":8},"end":{"line":205,"column":9}},"type":"if","locations":[{"start":{"line":202,"column":8},"end":{"line":205,"column":9}},{"start":{},"end":{}}],"line":202},"13":{"loc":{"start":{"line":214,"column":30},"end":{"line":214,"column":62}},"type":"binary-expr","locations":[{"start":{"line":214,"column":30},"end":{"line":214,"column":57}},{"start":{"line":214,"column":61},"end":{"line":214,"column":62}}],"line":214}},"s":{"0":2,"1":2,"2":2,"3":2,"4":2,"5":2,"6":2,"7":4,"8":4,"9":4,"10":4,"11":1,"12":7,"13":3,"14":3,"15":1,"16":2,"17":2,"18":2,"19":2,"20":2,"21":0,"22":2,"23":1,"24":1,"25":1,"26":0,"27":1,"28":1,"29":0,"30":0,"31":0,"32":0,"33":0,"34":1,"35":0,"36":0,"37":0,"38":0,"39":0,"40":1,"41":0,"42":0,"43":2,"44":0,"45":0,"46":0,"47":0,"48":0,"49":0,"50":0,"51":0,"52":0,"53":0,"54":0,"55":0,"56":0,"57":0,"58":0,"59":0,"60":0,"61":0,"62":0,"63":0,"64":0,"65":0,"66":0,"67":0,"68":0,"69":0,"70":2},"f":{"0":4,"1":7,"2":1,"3":0,"4":0,"5":0,"6":0,"7":0,"8":0,"9":0},"b":{"0":[1,3],"1":[1,2],"2":[0,1],"3":[0,0],"4":[0,0],"5":[0,0],"6":[0,0],"7":[0,0],"8":[0,0],"9":[0,0],"10":[0,0],"11":[0,0],"12":[0,0],"13":[0,0]},"_coverageSchema":"1a1c01bbd47fc00a2c39e90264f33305004495a9","hash":"cf671a1654f51878b11957b5e229289f9f9c3333"}
,"/Users/dhairyapatel/Desktop/Quest/backend/src/controllers/videoController.js": {"path":"/Users/dhairyapatel/Desktop/Quest/backend/src/controllers/videoController.js","statementMap":{"0":{"start":{"line":1,"column":17},"end":{"line":1,"column":36}},"1":{"start":{"line":2,"column":18},"end":{"line":2,"column":51}},"2":{"start":{"line":3,"column":18},"end":{"line":3,"column":51}},"3":{"start":{"line":4,"column":28},"end":{"line":4,"column":69}},"4":{"start":{"line":6,"column":22},"end":{"line":39,"column":1}},"5":{"start":{"line":7,"column":4},"end":{"line":38,"column":5}},"6":{"start":{"line":8,"column":35},"end":{"line":8,"column":44}},"7":{"start":{"line":10,"column":8},"end":{"line":15,"column":9}},"8":{"start":{"line":11,"column":12},"end":{"line":14,"column":15}},"9":{"start":{"line":18,"column":22},"end":{"line":27,"column":10}},"10":{"start":{"line":29,"column":8},"end":{"line":32,"column":11}},"11":{"start":{"line":34,"column":8},"end":{"line":37,"column":11}},"12":{"start":{"line":42,"column":24},"end":{"line":122,"column":1}},"13":{"start":{"line":43,"column":20},"end":{"line":43,"column":49}},"14":{"start":{"line":44,"column":4},"end":{"line":44,"column":31}},"15":{"start":{"line":46,"column":4},"end":{"line":121,"column":5}},"16":{"start":{"line":47,"column":49},"end":{"line":47,"column":57}},"17":{"start":{"line":48,"column":24},"end":{"line":48,"column":35}},"18":{"start":{"line":50,"column":8},"end":{"line":55,"column":9}},"19":{"start":{"line":51,"column":12},"end":{"line":54,"column":15}},"20":{"start":{"line":57,"column":8},"end":{"line":62,"column":9}},"21":{"start":{"line":58,"column":12},"end":{"line":61,"column":15}},"22":{"start":{"line":65,"column":24},"end":{"line":69,"column":27}},"23":{"start":{"line":71,"column":8},"end":{"line":82,"column":9}},"24":{"start":{"line":72,"column":12},"end":{"line":78,"column":15}},"25":{"start":{"line":81,"column":12},"end":{"line":81,"column":51}},"26":{"start":{"line":84,"column":8},"end":{"line":84,"column":42}},"27":{"start":{"line":87,"column":34},"end":{"line":87,"column":116}},"28":{"start":{"line":90,"column":22},"end":{"line":99,"column":23}},"29":{"start":{"line":101,"column":8},"end":{"line":101,"column":42}},"30":{"start":{"line":103,"column":8},"end":{"line":112,"column":11}},"31":{"start":{"line":114,"column":8},"end":{"line":114,"column":41}},"32":{"start":{"line":115,"column":8},"end":{"line":118,"column":11}},"33":{"start":{"line":120,"column":8},"end":{"line":120,"column":29}},"34":{"start":{"line":125,"column":25},"end":{"line":212,"column":1}},"35":{"start":{"line":126,"column":20},"end":{"line":126,"column":49}},"36":{"start":{"line":127,"column":4},"end":{"line":127,"column":31}},"37":{"start":{"line":129,"column":4},"end":{"line":211,"column":5}},"38":{"start":{"line":130,"column":49},"end":{"line":130,"column":57}},"39":{"start":{"line":131,"column":24},"end":{"line":131,"column":35}},"40":{"start":{"line":133,"column":8},"end":{"line":138,"column":9}},"41":{"start":{"line":134,"column":12},"end":{"line":137,"column":15}},"42":{"start":{"line":140,"column":8},"end":{"line":145,"column":9}},"43":{"start":{"line":141,"column":12},"end":{"line":144,"column":15}},"44":{"start":{"line":148,"column":24},"end":{"line":152,"column":27}},"45":{"start":{"line":154,"column":8},"end":{"line":172,"column":9}},"46":{"start":{"line":155,"column":12},"end":{"line":161,"column":15}},"47":{"start":{"line":164,"column":12},"end":{"line":170,"column":13}},"48":{"start":{"line":165,"column":16},"end":{"line":165,"column":49}},"49":{"start":{"line":166,"column":16},"end":{"line":169,"column":19}},"50":{"start":{"line":171,"column":12},"end":{"line":171,"column":38}},"51":{"start":{"line":174,"column":8},"end":{"line":174,"column":42}},"52":{"start":{"line":177,"column":34},"end":{"line":177,"column":116}},"53":{"start":{"line":180,"column":22},"end":{"line":189,"column":23}},"54":{"start":{"line":191,"column":8},"end":{"line":191,"column":42}},"55":{"start":{"line":193,"column":8},"end":{"line":202,"column":11}},"56":{"start":{"line":204,"column":8},"end":{"line":204,"column":41}},"57":{"start":{"line":205,"column":8},"end":{"line":208,"column":11}},"58":{"start":{"line":210,"column":8},"end":{"line":210,"column":29}},"59":{"start":{"line":215,"column":27},"end":{"line":266,"column":1}},"60":{"start":{"line":216,"column":4},"end":{"line":265,"column":5}},"61":{"start":{"line":217,"column":49},"end":{"line":217,"column":58}},"62":{"start":{"line":218,"column":24},"end":{"line":218,"column":35}},"63":{"start":{"line":220,"column":8},"end":{"line":225,"column":9}},"64":{"start":{"line":221,"column":12},"end":{"line":224,"column":15}},"65":{"start":{"line":227,"column":8},"end":{"line":232,"column":9}},"66":{"start":{"line":228,"column":12},"end":{"line":231,"column":15}},"67":{"start":{"line":234,"column":26},"end":{"line":238,"column":10}},"68":{"start":{"line":241,"column":22},"end":{"line":250,"column":10}},"69":{"start":{"line":252,"column":8},"end":{"line":259,"column":11}},"70":{"start":{"line":261,"column":8},"end":{"line":264,"column":11}},"71":{"start":{"line":269,"column":29},"end":{"line":335,"column":1}},"72":{"start":{"line":270,"column":4},"end":{"line":334,"column":5}},"73":{"start":{"line":271,"column":33},"end":{"line":271,"column":43}},"74":{"start":{"line":272,"column":24},"end":{"line":272,"column":35}},"75":{"start":{"line":274,"column":8},"end":{"line":279,"column":9}},"76":{"start":{"line":275,"column":12},"end":{"line":278,"column":15}},"77":{"start":{"line":281,"column":8},"end":{"line":286,"column":9}},"78":{"start":{"line":282,"column":12},"end":{"line":285,"column":15}},"79":{"start":{"line":289,"column":26},"end":{"line":289,"column":64}},"80":{"start":{"line":290,"column":8},"end":{"line":295,"column":9}},"81":{"start":{"line":291,"column":12},"end":{"line":294,"column":15}},"82":{"start":{"line":298,"column":29},"end":{"line":312,"column":10}},"83":{"start":{"line":314,"column":25},"end":{"line":314,"column":79}},"84":{"start":{"line":316,"column":8},"end":{"line":328,"column":11}},"85":{"start":{"line":330,"column":8},"end":{"line":333,"column":11}},"86":{"start":{"line":337,"column":0},"end":{"line":343,"column":2}}},"fnMap":{"0":{"name":"(anonymous_0)","decl":{"start":{"line":6,"column":22},"end":{"line":6,"column":23}},"loc":{"start":{"line":6,"column":42},"end":{"line":39,"column":1}},"line":6},"1":{"name":"(anonymous_1)","decl":{"start":{"line":42,"column":24},"end":{"line":42,"column":25}},"loc":{"start":{"line":42,"column":44},"end":{"line":122,"column":1}},"line":42},"2":{"name":"(anonymous_2)","decl":{"start":{"line":125,"column":25},"end":{"line":125,"column":26}},"loc":{"start":{"line":125,"column":45},"end":{"line":212,"column":1}},"line":125},"3":{"name":"(anonymous_3)","decl":{"start":{"line":215,"column":27},"end":{"line":215,"column":28}},"loc":{"start":{"line":215,"column":47},"end":{"line":266,"column":1}},"line":215},"4":{"name":"(anonymous_4)","decl":{"start":{"line":269,"column":29},"end":{"line":269,"column":30}},"loc":{"start":{"line":269,"column":49},"end":{"line":335,"column":1}},"line":269}},"branchMap":{"0":{"loc":{"start":{"line":10,"column":8},"end":{"line":15,"column":9}},"type":"if","locations":[{"start":{"line":10,"column":8},"end":{"line":15,"column":9}},{"start":{},"end":{}}],"line":10},"1":{"loc":{"start":{"line":31,"column":18},"end":{"line":31,"column":63}},"type":"binary-expr","locations":[{"start":{"line":31,"column":18},"end":{"line":31,"column":26}},{"start":{"line":31,"column":30},"end":{"line":31,"column":63}}],"line":31},"2":{"loc":{"start":{"line":50,"column":8},"end":{"line":55,"column":9}},"type":"if","locations":[{"start":{"line":50,"column":8},"end":{"line":55,"column":9}},{"start":{},"end":{}}],"line":50},"3":{"loc":{"start":{"line":50,"column":12},"end":{"line":50,"column":44}},"type":"binary-expr","locations":[{"start":{"line":50,"column":12},"end":{"line":50,"column":27}},{"start":{"line":50,"column":31},"end":{"line":50,"column":44}}],"line":50},"4":{"loc":{"start":{"line":57,"column":8},"end":{"line":62,"column":9}},"type":"if","locations":[{"start":{"line":57,"column":8},"end":{"line":62,"column":9}},{"start":{},"end":{}}],"line":57},"5":{"loc":{"start":{"line":57,"column":12},"end":{"line":57,"column":103}},"type":"binary-expr","locations":[{"start":{"line":57,"column":12},"end":{"line":57,"column":58}},{"start":{"line":57,"column":62},"end":{"line":57,"column":103}}],"line":57},"6":{"loc":{"start":{"line":71,"column":8},"end":{"line":82,"column":9}},"type":"if","locations":[{"start":{"line":71,"column":8},"end":{"line":82,"column":9}},{"start":{"line":79,"column":15},"end":{"line":82,"column":9}}],"line":71},"7":{"loc":{"start":{"line":109,"column":23},"end":{"line":109,"column":68}},"type":"binary-expr","locations":[{"start":{"line":109,"column":23},"end":{"line":109,"column":31}},{"start":{"line":109,"column":35},"end":{"line":109,"column":68}}],"line":109},"8":{"loc":{"start":{"line":111,"column":30},"end":{"line":111,"column":69}},"type":"cond-expr","locations":[{"start":{"line":111,"column":50},"end":{"line":111,"column":57}},{"start":{"line":111,"column":60},"end":{"line":111,"column":69}}],"line":111},"9":{"loc":{"start":{"line":133,"column":8},"end":{"line":138,"column":9}},"type":"if","locations":[{"start":{"line":133,"column":8},"end":{"line":138,"column":9}},{"start":{},"end":{}}],"line":133},"10":{"loc":{"start":{"line":133,"column":12},"end":{"line":133,"column":44}},"type":"binary-expr","locations":[{"start":{"line":133,"column":12},"end":{"line":133,"column":27}},{"start":{"line":133,"column":31},"end":{"line":133,"column":44}}],"line":133},"11":{"loc":{"start":{"line":140,"column":8},"end":{"line":145,"column":9}},"type":"if","locations":[{"start":{"line":140,"column":8},"end":{"line":145,"column":9}},{"start":{},"end":{}}],"line":140},"12":{"loc":{"start":{"line":140,"column":12},"end":{"line":140,"column":103}},"type":"binary-expr","locations":[{"start":{"line":140,"column":12},"end":{"line":140,"column":58}},{"start":{"line":140,"column":62},"end":{"line":140,"column":103}}],"line":140},"13":{"loc":{"start":{"line":154,"column":8},"end":{"line":172,"column":9}},"type":"if","locations":[{"start":{"line":154,"column":8},"end":{"line":172,"column":9}},{"start":{"line":162,"column":15},"end":{"line":172,"column":9}}],"line":154},"14":{"loc":{"start":{"line":164,"column":12},"end":{"line":170,"column":13}},"type":"if","locations":[{"start":{"line":164,"column":12},"end":{"line":170,"column":13}},{"start":{},"end":{}}],"line":164},"15":{"loc":{"start":{"line":199,"column":23},"end":{"line":199,"column":68}},"type":"binary-expr","locations":[{"start":{"line":199,"column":23},"end":{"line":199,"column":31}},{"start":{"line":199,"column":35},"end":{"line":199,"column":68}}],"line":199},"16":{"loc":{"start":{"line":220,"column":8},"end":{"line":225,"column":9}},"type":"if","locations":[{"start":{"line":220,"column":8},"end":{"line":225,"column":9}},{"start":{},"end":{}}],"line":220},"17":{"loc":{"start":{"line":220,"column":12},"end":{"line":220,"column":44}},"type":"binary-expr","locations":[{"start":{"line":220,"column":12},"end":{"line":220,"column":27}},{"start":{"line":220,"column":31},"end":{"line":220,"column":44}}],"line":220},"18":{"loc":{"start":{"line":227,"column":8},"end":{"line":232,"column":9}},"type":"if","locations":[{"start":{"line":227,"column":8},"end":{"line":232,"column":9}},{"start":{},"end":{}}],"line":227},"19":{"loc":{"start":{"line":227,"column":12},"end":{"line":227,"column":103}},"type":"binary-expr","locations":[{"start":{"line":227,"column":12},"end":{"line":227,"column":58}},{"start":{"line":227,"column":62},"end":{"line":227,"column":103}}],"line":227},"20":{"loc":{"start":{"line":255,"column":26},"end":{"line":255,"column":53}},"type":"binary-expr","locations":[{"start":{"line":255,"column":26},"end":{"line":255,"column":44}},{"start":{"line":255,"column":48},"end":{"line":255,"column":53}}],"line":255},"21":{"loc":{"start":{"line":256,"column":27},"end":{"line":256,"column":55}},"type":"binary-expr","locations":[{"start":{"line":256,"column":27},"end":{"line":256,"column":46}},{"start":{"line":256,"column":50},"end":{"line":256,"column":55}}],"line":256},"22":{"loc":{"start":{"line":257,"column":23},"end":{"line":257,"column":68}},"type":"binary-expr","locations":[{"start":{"line":257,"column":23},"end":{"line":257,"column":31}},{"start":{"line":257,"column":35},"end":{"line":257,"column":68}}],"line":257},"23":{"loc":{"start":{"line":274,"column":8},"end":{"line":279,"column":9}},"type":"if","locations":[{"start":{"line":274,"column":8},"end":{"line":279,"column":9}},{"start":{},"end":{}}],"line":274},"24":{"loc":{"start":{"line":281,"column":8},"end":{"line":286,"column":9}},"type":"if","locations":[{"start":{"line":281,"column":8},"end":{"line":286,"column":9}},{"start":{},"end":{}}],"line":281},"25":{"loc":{"start":{"line":281,"column":12},"end":{"line":281,"column":103}},"type":"binary-expr","locations":[{"start":{"line":281,"column":12},"end":{"line":281,"column":58}},{"start":{"line":281,"column":62},"end":{"line":281,"column":103}}],"line":281},"26":{"loc":{"start":{"line":290,"column":8},"end":{"line":295,"column":9}},"type":"if","locations":[{"start":{"line":290,"column":8},"end":{"line":295,"column":9}},{"start":{},"end":{}}],"line":290},"27":{"loc":{"start":{"line":314,"column":25},"end":{"line":314,"column":79}},"type":"binary-expr","locations":[{"start":{"line":314,"column":25},"end":{"line":314,"column":40}},{"start":{"line":314,"column":44},"end":{"line":314,"column":79}}],"line":314}},"s":{"0":2,"1":2,"2":2,"3":2,"4":2,"5":0,"6":0,"7":0,"8":0,"9":0,"10":0,"11":0,"12":2,"13":0,"14":0,"15":0,"16":0,"17":0,"18":0,"19":0,"20":0,"21":0,"22":0,"23":0,"24":0,"25":0,"26":0,"27":0,"28":0,"29":0,"30":0,"31":0,"32":0,"33":0,"34":2,"35":0,"36":0,"37":0,"38":0,"39":0,"40":0,"41":0,"42":0,"43":0,"44":0,"45":0,"46":0,"47":0,"48":0,"49":0,"50":0,"51":0,"52":0,"53":0,"54":0,"55":0,"56":0,"57":0,"58":0,"59":2,"60":0,"61":0,"62":0,"63":0,"64":0,"65":0,"66":0,"67":0,"68":0,"69":0,"70":0,"71":2,"72":0,"73":0,"74":0,"75":0,"76":0,"77":0,"78":0,"79":0,"80":0,"81":0,"82":0,"83":0,"84":0,"85":0,"86":2},"f":{"0":0,"1":0,"2":0,"3":0,"4":0},"b":{"0":[0,0],"1":[0,0],"2":[0,0],"3":[0,0],"4":[0,0],"5":[0,0],"6":[0,0],"7":[0,0],"8":[0,0],"9":[0,0],"10":[0,0],"11":[0,0],"12":[0,0],"13":[0,0],"14":[0,0],"15":[0,0],"16":[0,0],"17":[0,0],"18":[0,0],"19":[0,0],"20":[0,0],"21":[0,0],"22":[0,0],"23":[0,0],"24":[0,0],"25":[0,0],"26":[0,0],"27":[0,0]},"_coverageSchema":"1a1c01bbd47fc00a2c39e90264f33305004495a9","hash":"bdf2b076a50f4b81dd845eaae395bdf9916390a0"}
,"/Users/dhairyapatel/Desktop/Quest/backend/src/db/connection.js": {"path":"/Users/dhairyapatel/Desktop/Quest/backend/src/db/connection.js","statementMap":{"0":{"start":{"line":1,"column":17},"end":{"line":1,"column":36}},"1":{"start":{"line":2,"column":15},"end":{"line":2,"column":32}},"2":{"start":{"line":4,"column":19},"end":{"line":14,"column":1}},"3":{"start":{"line":5,"column":4},"end":{"line":13,"column":5}},"4":{"start":{"line":6,"column":20},"end":{"line":6,"column":44}},"5":{"start":{"line":7,"column":8},"end":{"line":7,"column":36}},"6":{"start":{"line":8,"column":8},"end":{"line":8,"column":45}},"7":{"start":{"line":11,"column":8},"end":{"line":11,"column":50}},"8":{"start":{"line":12,"column":8},"end":{"line":12,"column":25}},"9":{"start":{"line":16,"column":0},"end":{"line":16,"column":28}}},"fnMap":{"0":{"name":"(anonymous_0)","decl":{"start":{"line":4,"column":19},"end":{"line":4,"column":20}},"loc":{"start":{"line":4,"column":31},"end":{"line":14,"column":1}},"line":4}},"branchMap":{},"s":{"0":2,"1":2,"2":2,"3":0,"4":0,"5":0,"6":0,"7":0,"8":0,"9":2},"f":{"0":0},"b":{},"_coverageSchema":"1a1c01bbd47fc00a2c39e90264f33305004495a9","hash":"8bf9ec94539ad9543b46886aae4af62c10146bf5"}
,"/Users/dhairyapatel/Desktop/Quest/backend/src/db/models/Challenge.js": {"path":"/Users/dhairyapatel/Desktop/Quest/backend/src/db/models/Challenge.js","statementMap":{"0":{"start":{"line":1,"column":17},"end":{"line":1,"column":36}},"1":{"start":{"line":3,"column":0},"end":{"line":3,"column":25}},"2":{"start":{"line":5,"column":24},"end":{"line":24,"column":24}},"3":{"start":{"line":26,"column":0},"end":{"line":26,"column":62}}},"fnMap":{},"branchMap":{},"s":{"0":3,"1":3,"2":3,"3":3},"f":{},"b":{},"_coverageSchema":"1a1c01bbd47fc00a2c39e90264f33305004495a9","hash":"e1f98842fe5149bde5ed98d7973c8cfe86a5f697"}
,"/Users/dhairyapatel/Desktop/Quest/backend/src/db/models/ChallengeReward.js": {"path":"/Users/dhairyapatel/Desktop/Quest/backend/src/db/models/ChallengeReward.js","statementMap":{"0":{"start":{"line":1,"column":17},"end":{"line":1,"column":36}},"1":{"start":{"line":3,"column":0},"end":{"line":3,"column":25}},"2":{"start":{"line":5,"column":30},"end":{"line":22,"column":24}},"3":{"start":{"line":24,"column":0},"end":{"line":24,"column":74}}},"fnMap":{},"branchMap":{},"s":{"0":3,"1":3,"2":3,"3":3},"f":{},"b":{},"_coverageSchema":"1a1c01bbd47fc00a2c39e90264f33305004495a9","hash":"e910eaeafd7d29f78e94e85b9a57a3600b32f6c2"}
,"/Users/dhairyapatel/Desktop/Quest/backend/src/db/models/Quest.js": {"path":"/Users/dhairyapatel/Desktop/Quest/backend/src/db/models/Quest.js","statementMap":{"0":{"start":{"line":1,"column":17},"end":{"line":1,"column":36}},"1":{"start":{"line":3,"column":0},"end":{"line":3,"column":25}},"2":{"start":{"line":5,"column":20},"end":{"line":38,"column":24}},"3":{"start":{"line":40,"column":0},"end":{"line":40,"column":54}}},"fnMap":{},"branchMap":{},"s":{"0":3,"1":3,"2":3,"3":3},"f":{},"b":{},"_coverageSchema":"1a1c01bbd47fc00a2c39e90264f33305004495a9","hash":"decba2de57455bbfdf686d6188eb35b7353489c8"}
,"/Users/dhairyapatel/Desktop/Quest/backend/src/db/models/User.js": {"path":"/Users/dhairyapatel/Desktop/Quest/backend/src/db/models/User.js","statementMap":{"0":{"start":{"line":1,"column":17},"end":{"line":1,"column":36}},"1":{"start":{"line":3,"column":0},"end":{"line":3,"column":25}},"2":{"start":{"line":5,"column":19},"end":{"line":31,"column":24}},"3":{"start":{"line":33,"column":0},"end":{"line":33,"column":52}}},"fnMap":{},"branchMap":{},"s":{"0":4,"1":4,"2":4,"3":4},"f":{},"b":{},"_coverageSchema":"1a1c01bbd47fc00a2c39e90264f33305004495a9","hash":"9b4c47425aba5892b43ac2a952d454833971cfdd"}
,"/Users/dhairyapatel/Desktop/Quest/backend/src/db/models/UserChallenge.js": {"path":"/Users/dhairyapatel/Desktop/Quest/backend/src/db/models/UserChallenge.js","statementMap":{"0":{"start":{"line":1,"column":17},"end":{"line":1,"column":36}},"1":{"start":{"line":3,"column":28},"end":{"line":24,"column":24}},"2":{"start":{"line":26,"column":0},"end":{"line":26,"column":70}}},"fnMap":{},"branchMap":{},"s":{"0":3,"1":3,"2":3},"f":{},"b":{},"_coverageSchema":"1a1c01bbd47fc00a2c39e90264f33305004495a9","hash":"52cada0b41b062daf03c7eca0e668f1ac6f03105"}
,"/Users/dhairyapatel/Desktop/Quest/backend/src/db/models/UserQuest.js": {"path":"/Users/dhairyapatel/Desktop/Quest/backend/src/db/models/UserQuest.js","statementMap":{"0":{"start":{"line":1,"column":17},"end":{"line":1,"column":36}},"1":{"start":{"line":3,"column":24},"end":{"line":20,"column":24}},"2":{"start":{"line":22,"column":0},"end":{"line":22,"column":62}}},"fnMap":{},"branchMap":{},"s":{"0":3,"1":3,"2":3},"f":{},"b":{},"_coverageSchema":"1a1c01bbd47fc00a2c39e90264f33305004495a9","hash":"47610af3c6be6007b6966d4be0bf374be963d771"}
,"/Users/dhairyapatel/Desktop/Quest/backend/src/db/models/UserReward.js": {"path":"/Users/dhairyapatel/Desktop/Quest/backend/src/db/models/UserReward.js","statementMap":{"0":{"start":{"line":1,"column":17},"end":{"line":1,"column":36}},"1":{"start":{"line":3,"column":25},"end":{"line":24,"column":24}},"2":{"start":{"line":26,"column":0},"end":{"line":26,"column":64}}},"fnMap":{},"branchMap":{},"s":{"0":3,"1":3,"2":3},"f":{},"b":{},"_coverageSchema":"1a1c01bbd47fc00a2c39e90264f33305004495a9","hash":"eaaeac40bdb9e07538cb786829c6d28934f6b9b5"}
,"/Users/dhairyapatel/Desktop/Quest/backend/src/db/models/UserVideo.js": {"path":"/Users/dhairyapatel/Desktop/Quest/backend/src/db/models/UserVideo.js","statementMap":{"0":{"start":{"line":1,"column":17},"end":{"line":1,"column":36}},"1":{"start":{"line":3,"column":24},"end":{"line":26,"column":24}},"2":{"start":{"line":28,"column":0},"end":{"line":28,"column":62}}},"fnMap":{},"branchMap":{},"s":{"0":3,"1":3,"2":3},"f":{},"b":{},"_coverageSchema":"1a1c01bbd47fc00a2c39e90264f33305004495a9","hash":"462bb4184b4f0c43ad84fadb01723a07d21d2f13"}
,"/Users/dhairyapatel/Desktop/Quest/backend/src/db/models/index.js": {"path":"/Users/dhairyapatel/Desktop/Quest/backend/src/db/models/index.js","statementMap":{"0":{"start":{"line":1,"column":13},"end":{"line":1,"column":30}},"1":{"start":{"line":2,"column":14},"end":{"line":2,"column":32}},"2":{"start":{"line":3,"column":18},"end":{"line":3,"column":40}},"3":{"start":{"line":4,"column":24},"end":{"line":4,"column":52}},"4":{"start":{"line":5,"column":18},"end":{"line":5,"column":40}},"5":{"start":{"line":6,"column":22},"end":{"line":6,"column":48}},"6":{"start":{"line":7,"column":19},"end":{"line":7,"column":42}},"7":{"start":{"line":8,"column":18},"end":{"line":8,"column":40}},"8":{"start":{"line":10,"column":0},"end":{"line":10,"column":110}}},"fnMap":{},"branchMap":{},"s":{"0":3,"1":3,"2":3,"3":3,"4":3,"5":3,"6":3,"7":3,"8":3},"f":{},"b":{},"_coverageSchema":"1a1c01bbd47fc00a2c39e90264f33305004495a9","hash":"225ed3df39422571e7bafd5fda0a8968289c3ec8"}
,"/Users/dhairyapatel/Desktop/Quest/backend/src/middleware/AuthenticateUser.js": {"path":"/Users/dhairyapatel/Desktop/Quest/backend/src/middleware/AuthenticateUser.js","statementMap":{"0":{"start":{"line":1,"column":12},"end":{"line":1,"column":35}},"1":{"start":{"line":2,"column":15},"end":{"line":2,"column":32}},"2":{"start":{"line":4,"column":0},"end":{"line":4,"column":16}},"3":{"start":{"line":6,"column":25},"end":{"line":23,"column":1}},"4":{"start":{"line":7,"column":4},"end":{"line":22,"column":5}},"5":{"start":{"line":9,"column":24},"end":{"line":9,"column":52}},"6":{"start":{"line":10,"column":8},"end":{"line":12,"column":9}},"7":{"start":{"line":11,"column":12},"end":{"line":11,"column":74}},"8":{"start":{"line":15,"column":22},"end":{"line":15,"column":43}},"9":{"start":{"line":16,"column":24},"end":{"line":16,"column":62}},"10":{"start":{"line":17,"column":8},"end":{"line":17,"column":27}},"11":{"start":{"line":18,"column":8},"end":{"line":18,"column":15}},"12":{"start":{"line":21,"column":8},"end":{"line":21,"column":75}},"13":{"start":{"line":25,"column":0},"end":{"line":25,"column":34}}},"fnMap":{"0":{"name":"(anonymous_0)","decl":{"start":{"line":6,"column":25},"end":{"line":6,"column":26}},"loc":{"start":{"line":6,"column":51},"end":{"line":23,"column":1}},"line":6}},"branchMap":{"0":{"loc":{"start":{"line":10,"column":8},"end":{"line":12,"column":9}},"type":"if","locations":[{"start":{"line":10,"column":8},"end":{"line":12,"column":9}},{"start":{},"end":{}}],"line":10},"1":{"loc":{"start":{"line":10,"column":12},"end":{"line":10,"column":61}},"type":"binary-expr","locations":[{"start":{"line":10,"column":12},"end":{"line":10,"column":20}},{"start":{"line":10,"column":24},"end":{"line":10,"column":61}}],"line":10}},"s":{"0":3,"1":3,"2":3,"3":3,"4":7,"5":7,"6":7,"7":3,"8":4,"9":4,"10":2,"11":2,"12":2,"13":3},"f":{"0":7},"b":{"0":[3,4],"1":[7,4]},"_coverageSchema":"1a1c01bbd47fc00a2c39e90264f33305004495a9","hash":"8fe35f18989fb59c26b6c5f68bc364cc0b988d59"}
[...]
:25},"end":{"line":5,"column":66}},"5":{"start":{"line":6,"column":23},"end":{"line":6,"column":62}},"6":{"start":{"line":7,"column":24},"end":{"line":7,"column":65}},"7":{"start":{"line":8,"column":23},"end":{"line":8,"column":63}},"8":{"start":{"line":9,"column":28},"end":{"line":9,"column":73}},"9":{"start":{"line":16,"column":4},"end":{"line":16,"column":45}},"10":{"start":{"line":18,"column":0},"end":{"line":18,"column":16}},"11":{"start":{"line":20,"column":16},"end":{"line":20,"column":38}},"12":{"start":{"line":21,"column":15},"end":{"line":21,"column":43}},"13":{"start":{"line":22,"column":14},"end":{"line":22,"column":42}},"14":{"start":{"line":24,"column":15},"end":{"line":24,"column":31}},"15":{"start":{"line":90,"column":0},"end":{"line":90,"column":43}},"16":{"start":{"line":135,"column":0},"end":{"line":135,"column":64}},"17":{"start":{"line":185,"column":0},"end":{"line":185,"column":137}},"18":{"start":{"line":262,"column":0},"end":{"line":262,"column":101}},"19":{"start":{"line":332,"column":0},"end":{"line":332,"column":123}},"20":{"start":{"line":386,"column":0},"end":{"line":386,"column":114}},"21":{"start":{"line":443,"column":0},"end":{"line":443,"column":136}},"22":{"start":{"line":483,"column":0},"end":{"line":483,"column":128}},"23":{"start":{"line":525,"column":0},"end":{"line":525,"column":57}},"24":{"start":{"line":600,"column":0},"end":{"line":600,"column":102}},"25":{"start":{"line":630,"column":0},"end":{"line":630,"column":115}},"26":{"start":{"line":676,"column":0},"end":{"line":676,"column":121}},"27":{"start":{"line":764,"column":0},"end":{"line":764,"column":112}},"28":{"start":{"line":805,"column":0},"end":{"line":805,"column":130}},"29":{"start":{"line":865,"column":0},"end":{"line":865,"column":131}},"30":{"start":{"line":936,"column":0},"end":{"line":936,"column":135}},"31":{"start":{"line":1009,"column":0},"end":{"line":1009,"column":126}},"32":{"start":{"line":1088,"column":0},"end":{"line":1088,"column":138}},"33":{"start":{"line":1134,"column":0},"end":{"line":1134,"column":66}},"34":{"start":{"line":1194,"column":0},"end":{"line":1194,"column":73}},"35":{"start":{"line":1251,"column":0},"end":{"line":1251,"column":90}},"36":{"start":{"line":1320,"column":0},"end":{"line":1320,"column":69}},"37":{"start":{"line":1389,"column":0},"end":{"line":1389,"column":71}},"38":{"start":{"line":1391,"column":0},"end":{"line":1391,"column":24}}},"fnMap":{},"branchMap":{},"s":{"0":2,"1":2,"2":2,"3":2,"4":2,"5":2,"6":2,"7":2,"8":2,"9":2,"10":2,"11":2,"12":2,"13":2,"14":2,"15":2,"16":2,"17":2,"18":2,"19":2,"20":2,"21":2,"22":2,"23":2,"24":2,"25":2,"26":2,"27":2,"28":2,"29":2,"30":2,"31":2,"32":2,"33":2,"34":2,"35":2,"36":2,"37":2,"38":2},"f":{},"b":{},"_coverageSchema":"1a1c01bbd47fc00a2c39e90264f33305004495a9","hash":"d37f4adbb1debcd5a4465e9f7956b70fa442d2b4"}
,"/Users/dhairyapatel/Desktop/Quest/backend/src/service/IsChallengeComplete.js": {"path":"/Users/dhairyapatel/Desktop/Quest/backend/src/service/IsChallengeComplete.js","statementMap":{"0":{"start":{"line":1,"column":18},"end":{"line":1,"column":51}},"1":{"start":{"line":2,"column":18},"end":{"line":2,"column":51}},"2":{"start":{"line":3,"column":19},"end":{"line":3,"column":53}},"3":{"start":{"line":4,"column":24},"end":{"line":4,"column":63}},"4":{"start":{"line":5,"column":17},"end":{"line":5,"column":36}},"5":{"start":{"line":6,"column":26},"end":{"line":6,"column":49}},"6":{"start":{"line":15,"column":33},"end":{"line":182,"column":1}},"7":{"start":{"line":16,"column":20},"end":{"line":16,"column":68}},"8":{"start":{"line":17,"column":4},"end":{"line":19,"column":5}},"9":{"start":{"line":18,"column":8},"end":{"line":18,"column":35}},"10":{"start":{"line":21,"column":4},"end":{"line":181,"column":5}},"11":{"start":{"line":23,"column":26},"end":{"line":23,"column":81}},"12":{"start":{"line":24,"column":8},"end":{"line":30,"column":9}},"13":{"start":{"line":25,"column":12},"end":{"line":28,"column":13}},"14":{"start":{"line":26,"column":16},"end":{"line":26,"column":49}},"15":{"start":{"line":27,"column":16},"end":{"line":27,"column":37}},"16":{"start":{"line":29,"column":12},"end":{"line":29,"column":51}},"17":{"start":{"line":33,"column":29},"end":{"line":55,"column":23}},"18":{"start":{"line":57,"column":25},"end":{"line":57,"column":79}},"19":{"start":{"line":58,"column":27},"end":{"line":59,"column":78}},"20":{"start":{"line":62,"column":30},"end":{"line":65,"column":27}},"21":{"start":{"line":67,"column":34},"end":{"line":67,"column":67}},"22":{"start":{"line":69,"column":8},"end":{"line":173,"column":9}},"23":{"start":{"line":71,"column":12},"end":{"line":83,"column":14}},"24":{"start":{"line":86,"column":12},"end":{"line":104,"column":13}},"25":{"start":{"line":88,"column":41},"end":{"line":90,"column":35}},"26":{"start":{"line":92,"column":16},"end":{"line":103,"column":17}},"27":{"start":{"line":94,"column":36},"end":{"line":100,"column":23}},"28":{"start":{"line":94,"column":68},"end":{"line":100,"column":21}},"29":{"start":{"line":102,"column":20},"end":{"line":102,"column":70}},"30":{"start":{"line":106,"column":12},"end":{"line":109,"column":13}},"31":{"start":{"line":107,"column":16},"end":{"line":107,"column":50}},"32":{"start":{"line":108,"column":16},"end":{"line":108,"column":37}},"33":{"start":{"line":111,"column":12},"end":{"line":126,"column":14}},"34":{"start":{"line":129,"column":12},"end":{"line":150,"column":13}},"35":{"start":{"line":130,"column":16},"end":{"line":142,"column":18}},"36":{"start":{"line":145,"column":16},"end":{"line":149,"column":32}},"37":{"start":{"line":152,"column":12},"end":{"line":155,"column":13}},"38":{"start":{"line":153,"column":16},"end":{"line":153,"column":50}},"39":{"start":{"line":154,"column":16},"end":{"line":154,"column":37}},"40":{"start":{"line":157,"column":12},"end":{"line":172,"column":14}},"41":{"start":{"line":175,"column":8},"end":{"line":178,"column":9}},"42":{"start":{"line":176,"column":12},"end":{"line":176,"column":45}},"43":{"start":{"line":177,"column":12},"end":{"line":177,"column":33}},"44":{"start":{"line":179,"column":8},"end":{"line":179,"column":67}},"45":{"start":{"line":180,"column":8},"end":{"line":180,"column":20}},"46":{"start":{"line":184,"column":0},"end":{"line":186,"column":2}}},"fnMap":{"0":{"name":"(anonymous_0)","decl":{"start":{"line":15,"column":33},"end":{"line":15,"column":34}},"loc":{"start":{"line":15,"column":90},"end":{"line":182,"column":1}},"line":15},"1":{"name":"(anonymous_1)","decl":{"start":{"line":94,"column":57},"end":{"line":94,"column":58}},"loc":{"start":{"line":94,"column":68},"end":{"line":100,"column":21}},"line":94}},"branchMap":{"0":{"loc":{"start":{"line":15,"column":63},"end":{"line":15,"column":85}},"type":"default-arg","locations":[{"start":{"line":15,"column":81},"end":{"line":15,"column":85}}],"line":15},"1":{"loc":{"start":{"line":16,"column":20},"end":{"line":16,"column":68}},"type":"binary-expr","locations":[{"start":{"line":16,"column":20},"end":{"line":16,"column":35}},{"start":{"line":16,"column":39},"end":{"line":16,"column":68}}],"line":16},"2":{"loc":{"start":{"line":17,"column":4},"end":{"line":19,"column":5}},"type":"if","locations":[{"start":{"line":17,"column":4},"end":{"line":19,"column":5}},{"start":{},"end":{}}],"line":17},"3":{"loc":{"start":{"line":24,"column":8},"end":{"line":30,"column":9}},"type":"if","locations":[{"start":{"line":24,"column":8},"end":{"line":30,"column":9}},{"start":{},"end":{}}],"line":24},"4":{"loc":{"start":{"line":25,"column":12},"end":{"line":28,"column":13}},"type":"if","locations":[{"start":{"line":25,"column":12},"end":{"line":28,"column":13}},{"start":{},"end":{}}],"line":25},"5":{"loc":{"start":{"line":57,"column":25},"end":{"line":57,"column":79}},"type":"binary-expr","locations":[{"start":{"line":57,"column":25},"end":{"line":57,"column":40}},{"start":{"line":57,"column":44},"end":{"line":57,"column":79}}],"line":57},"6":{"loc":{"start":{"line":58,"column":27},"end":{"line":59,"column":78}},"type":"binary-expr","locations":[{"start":{"line":58,"column":27},"end":{"line":58,"column":77}},{"start":{"line":59,"column":26},"end":{"line":59,"column":78}}],"line":58},"7":{"loc":{"start":{"line":67,"column":34},"end":{"line":67,"column":67}},"type":"binary-expr","locations":[{"start":{"line":67,"column":34},"end":{"line":67,"column":58}},{"start":{"line":67,"column":62},"end":{"line":67,"column":67}}],"line":67},"8":{"loc":{"start":{"line":69,"column":8},"end":{"line":173,"column":9}},"type":"if","locations":[{"start":{"line":69,"column":8},"end":{"line":173,"column":9}},{"start":{"line":127,"column":15},"end":{"line":173,"column":9}}],"line":69},"9":{"loc":{"start":{"line":86,"column":12},"end":{"line":104,"column":13}},"type":"if","locations":[{"start":{"line":86,"column":12},"end":{"line":104,"column":13}},{"start":{},"end":{}}],"line":86},"10":{"loc":{"start":{"line":92,"column":16},"end":{"line":103,"column":17}},"type":"if","locations":[{"start":{"line":92,"column":16},"end":{"line":103,"column":17}},{"start":{},"end":{}}],"line":92},"11":{"loc":{"start":{"line":106,"column":12},"end":{"line":109,"column":13}},"type":"if","locations":[{"start":{"line":106,"column":12},"end":{"line":109,"column":13}},{"start":{},"end":{}}],"line":106},"12":{"loc":{"start":{"line":113,"column":25},"end":{"line":115,"column":74}},"type":"cond-expr","locations":[{"start":{"line":114,"column":20},"end":{"line":114,"column":50}},{"start":{"line":115,"column":20},"end":{"line":115,"column":74}}],"line":113},"13":{"loc":{"start":{"line":129,"column":12},"end":{"line":150,"column":13}},"type":"if","locations":[{"start":{"line":129,"column":12},"end":{"line":150,"column":13}},{"start":{},"end":{}}],"line":129},"14":{"loc":{"start":{"line":152,"column":12},"end":{"line":155,"column":13}},"type":"if","locations":[{"start":{"line":152,"column":12},"end":{"line":155,"column":13}},{"start":{},"end":{}}],"line":152},"15":{"loc":{"start":{"line":159,"column":25},"end":{"line":161,"column":53}},"type":"cond-expr","locations":[{"start":{"line":160,"column":20},"end":{"line":160,"column":88}},{"start":{"line":161,"column":20},"end":{"line":161,"column":53}}],"line":159},"16":{"loc":{"start":{"line":175,"column":8},"end":{"line":178,"column":9}},"type":"if","locations":[{"start":{"line":175,"column":8},"end":{"line":178,"column":9}},{"start":{},"end":{}}],"line":175}},"s":{"0":2,"1":2,"2":2,"3":2,"4":2,"5":2,"6":2,"7":0,"8":0,"9":0,"10":0,"11":0,"12":0,"13":0,"14":0,"15":0,"16":0,"17":0,"18":0,"19":0,"20":0,"21":0,"22":0,"23":0,"24":0,"25":0,"26":0,"27":0,"28":0,"29":0,"30":0,"31":0,"32":0,"33":0,"34":0,"35":0,"36":0,"37":0,"38":0,"39":0,"40":0,"41":0,"42":0,"43":0,"44":0,"45":0,"46":2},"f":{"0":0,"1":0},"b":{"0":[0],"1":[0,0],"2":[0,0],"3":[0,0],"4":[0,0],"5":[0,0],"6":[0,0],"7":[0,0],"8":[0,0],"9":[0,0],"10":[0,0],"11":[0,0],"12":[0,0],"13":[0,0],"14":[0,0],"15":[0,0],"16":[0,0]},"_coverageSchema":"1a1c01bbd47fc00a2c39e90264f33305004495a9","hash":"d52f6c696847dc367bf4632249681cc753e9b9d4"}
,"/Users/dhairyapatel/Desktop/Quest/backend/src/service/QuestCompleteStatus.js": {"path":"/Users/dhairyapatel/Desktop/Quest/backend/src/service/QuestCompleteStatus.js","statementMap":{"0":{"start":{"line":1,"column":13},"end":{"line":1,"column":33}},"1":{"start":{"line":2,"column":14},"end":{"line":2,"column":43}},"2":{"start":{"line":5,"column":0},"end":{"line":35,"column":3}},"3":{"start":{"line":6,"column":4},"end":{"line":34,"column":5}},"4":{"start":{"line":7,"column":28},"end":{"line":7,"column":38}},"5":{"start":{"line":9,"column":30},"end":{"line":13,"column":10}},"6":{"start":{"line":15,"column":24},"end":{"line":15,"column":53}},"7":{"start":{"line":15,"column":47},"end":{"line":15,"column":52}},"8":{"start":{"line":19,"column":8},"end":{"line":31,"column":9}},"9":{"start":{"line":20,"column":12},"end":{"line":23,"column":14}},"10":{"start":{"line":21,"column":53},"end":{"line":21,"column":58}},"11":{"start":{"line":25,"column":12},"end":{"line":28,"column":14}},"12":{"start":{"line":30,"column":12},"end":{"line":30,"column":82}},"13":{"start":{"line":33,"column":8},"end":{"line":33,"column":55}}},"fnMap":{"0":{"name":"(anonymous_0)","decl":{"start":{"line":5,"column":27},"end":{"line":5,"column":28}},"loc":{"start":{"line":5,"column":39},"end":{"line":35,"column":1}},"line":5},"1":{"name":"(anonymous_1)","decl":{"start":{"line":15,"column":42},"end":{"line":15,"column":43}},"loc":{"start":{"line":15,"column":47},"end":{"line":15,"column":52}},"line":15},"2":{"name":"(anonymous_2)","decl":{"start":{"line":21,"column":48},"end":{"line":21,"column":49}},"loc":{"start":{"line":21,"column":53},"end":{"line":21,"column":58}},"line":21}},"branchMap":{"0":{"loc":{"start":{"line":19,"column":8},"end":{"line":31,"column":9}},"type":"if","locations":[{"start":{"line":19,"column":8},"end":{"line":31,"column":9}},{"start":{},"end":{}}],"line":19}},"s":{"0":2,"1":2,"2":2,"3":0,"4":0,"5":0,"6":0,"7":0,"8":0,"9":0,"10":0,"11":0,"12":0,"13":0},"f":{"0":0,"1":0,"2":0},"b":{"0":[0,0]},"_coverageSchema":"1a1c01bbd47fc00a2c39e90264f33305004495a9","hash":"ba3b0f272fca73a6c4871169c2a8505071698a01"}
,"/Users/dhairyapatel/Desktop/Quest/backend/src/service/TotalRewardExpenses.js": {"path":"/Users/dhairyapatel/Desktop/Quest/backend/src/service/TotalRewardExpenses.js","statementMap":{"0":{"start":{"line":1,"column":24},"end":{"line":1,"column":63}},"1":{"start":{"line":2,"column":17},"end":{"line":2,"column":36}},"2":{"start":{"line":4,"column":28},"end":{"line":38,"column":1}},"3":{"start":{"line":5,"column":4},"end":{"line":37,"column":5}},"4":{"start":{"line":7,"column":23},"end":{"line":31,"column":10}},"5":{"start":{"line":33,"column":8},"end":{"line":33,"column":61}},"6":{"start":{"line":35,"column":8},"end":{"line":35,"column":54}},"7":{"start":{"line":36,"column":8},"end":{"line":36,"column":17}},"8":{"start":{"line":40,"column":0},"end":{"line":40,"column":37}}},"fnMap":{"0":{"name":"(anonymous_0)","decl":{"start":{"line":4,"column":28},"end":{"line":4,"column":29}},"loc":{"start":{"line":4,"column":51},"end":{"line":38,"column":1}},"line":4}},"branchMap":{"0":{"loc":{"start":{"line":33,"column":15},"end":{"line":33,"column":60}},"type":"cond-expr","locations":[{"start":{"line":33,"column":35},"end":{"line":33,"column":56}},{"start":{"line":33,"column":59},"end":{"line":33,"column":60}}],"line":33}},"s":{"0":2,"1":2,"2":2,"3":0,"4":0,"5":0,"6":0,"7":0,"8":2},"f":{"0":0},"b":{"0":[0,0]},"_coverageSchema":"1a1c01bbd47fc00a2c39e90264f33305004495a9","hash":"6931f08c364dd815308bcf180cdd57466b32635a"}
,"/Users/dhairyapatel/Desktop/Quest/backend/src/validation/challangeRewardSchema.js": {"path":"/Users/dhairyapatel/Desktop/Quest/backend/src/validation/challangeRewardSchema.js","statementMap":{"0":{"start":{"line":1,"column":14},"end":{"line":1,"column":28}},"1":{"start":{"line":2,"column":17},"end":{"line":2,"column":36}},"2":{"start":{"line":4,"column":30},"end":{"line":22,"column":2}},"3":{"start":{"line":6,"column":21},"end":{"line":6,"column":57}},"4":{"start":{"line":16,"column":21},"end":{"line":16,"column":49}},"5":{"start":{"line":24,"column":35},"end":{"line":24,"column":65}},"6":{"start":{"line":26,"column":0},"end":{"line":26,"column":71}}},"fnMap":{"0":{"name":"(anonymous_0)","decl":{"start":{"line":6,"column":12},"end":{"line":6,"column":13}},"loc":{"start":{"line":6,"column":21},"end":{"line":6,"column":57}},"line":6},"1":{"name":"(anonymous_1)","decl":{"start":{"line":16,"column":12},"end":{"line":16,"column":13}},"loc":{"start":{"line":16,"column":21},"end":{"line":16,"column":49}},"line":16}},"branchMap":{"0":{"loc":{"start":{"line":16,"column":21},"end":{"line":16,"column":49}},"type":"binary-expr","locations":[{"start":{"line":16,"column":21},"end":{"line":16,"column":38}},{"start":{"line":16,"column":42},"end":{"line":16,"column":49}}],"line":16}},"s":{"0":2,"1":2,"2":2,"3":0,"4":0,"5":2,"6":2},"f":{"0":0,"1":0},"b":{"0":[0,0]},"_coverageSchema":"1a1c01bbd47fc00a2c39e90264f33305004495a9","hash":"9ab464ce0dbb5375b492758c9374428fe6346949"}
,"/Users/dhairyapatel/Desktop/Quest/backend/src/validation/challangeSchema.js": {"path":"/Users/dhairyapatel/Desktop/Quest/backend/src/validation/challangeSchema.js","statementMap":{"0":{"start":{"line":1,"column":14},"end":{"line":1,"column":28}},"1":{"start":{"line":2,"column":17},"end":{"line":2,"column":36}},"2":{"start":{"line":4,"column":24},"end":{"line":19,"column":2}},"3":{"start":{"line":12,"column":21},"end":{"line":12,"column":57}},"4":{"start":{"line":16,"column":20},"end":{"line":16,"column":75}},"5":{"start":{"line":21,"column":0},"end":{"line":21,"column":33}}},"fnMap":{"0":{"name":"(anonymous_0)","decl":{"start":{"line":12,"column":12},"end":{"line":12,"column":13}},"loc":{"start":{"line":12,"column":21},"end":{"line":12,"column":57}},"line":12},"1":{"name":"(anonymous_1)","decl":{"start":{"line":16,"column":10},"end":{"line":16,"column":11}},"loc":{"start":{"line":16,"column":20},"end":{"line":16,"column":75}},"line":16}},"branchMap":{"0":{"loc":{"start":{"line":16,"column":20},"end":{"line":16,"column":75}},"type":"binary-expr","locations":[{"start":{"line":16,"column":20},"end":{"line":16,"column":45}},{"start":{"line":16,"column":49},"end":{"line":16,"column":75}}],"line":16}},"s":{"0":2,"1":2,"2":2,"3":0,"4":0,"5":2},"f":{"0":0,"1":0},"b":{"0":[0,0]},"_coverageSchema":"1a1c01bbd47fc00a2c39e90264f33305004495a9","hash":"1a0e7ac4a7d00dc4494a17ccd33ca2687592f793"}
,"/Users/dhairyapatel/Desktop/Quest/backend/src/validation/loginSchema.js": {"path":"/Users/dhairyapatel/Desktop/Quest/backend/src/validation/loginSchema.js","statementMap":{"0":{"start":{"line":1,"column":14},"end":{"line":1,"column":28}},"1":{"start":{"line":3,"column":20},"end":{"line":14,"column":2}},"2":{"start":{"line":16,"column":0},"end":{"line":16,"column":29}}},"fnMap":{},"branchMap":{},"s":{"0":2,"1":2,"2":2},"f":{},"b":{},"_coverageSchema":"1a1c01bbd47fc00a2c39e90264f33305004495a9","hash":"7e2259b2978ad64e77247cb8082466391da37062"}
,"/Users/dhairyapatel/Desktop/Quest/backend/src/validation/questSchema.js": {"path":"/Users/dhairyapatel/Desktop/Quest/backend/src/validation/questSchema.js","statementMap":{"0":{"start":{"line":1,"column":14},"end":{"line":1,"column":28}},"1":{"start":{"line":3,"column":20},"end":{"line":17,"column":2}},"2":{"start":{"line":6,"column":38},"end":{"line":6,"column":51}},"3":{"start":{"line":9,"column":12},"end":{"line":9,"column":79}},"4":{"start":{"line":9,"column":62},"end":{"line":9,"column":79}},"5":{"start":{"line":10,"column":25},"end":{"line":10,"column":38}},"6":{"start":{"line":11,"column":12},"end":{"line":11,"column":83}},"7":{"start":{"line":19,"column":0},"end":{"line":19,"column":29}}},"fnMap":{"0":{"name":"(anonymous_0)","decl":{"start":{"line":6,"column":29},"end":{"line":6,"column":30}},"loc":{"start":{"line":6,"column":38},"end":{"line":6,"column":51}},"line":6},"1":{"name":"(anonymous_1)","decl":{"start":{"line":8,"column":8},"end":{"line":8,"column":9}},"loc":{"start":{"line":8,"column":17},"end":{"line":12,"column":9}},"line":8}},"branchMap":{"0":{"loc":{"start":{"line":9,"column":12},"end":{"line":9,"column":79}},"type":"if","locations":[{"start":{"line":9,"column":12},"end":{"line":9,"column":79}},{"start":{},"end":{}}],"line":9},"1":{"loc":{"start":{"line":9,"column":16},"end":{"line":9,"column":60}},"type":"binary-expr","locations":[{"start":{"line":9,"column":16},"end":{"line":9,"column":39}},{"start":{"line":9,"column":43},"end":{"line":9,"column":60}}],"line":9},"2":{"loc":{"start":{"line":11,"column":19},"end":{"line":11,"column":82}},"type":"cond-expr","locations":[{"start":{"line":11,"column":43},"end":{"line":11,"column":75}},{"start":{"line":11,"column":78},"end":{"line":11,"column":82}}],"line":11}},"s":{"0":2,"1":2,"2":0,"3":0,"4":0,"5":0,"6":0,"7":2},"f":{"0":0,"1":0},"b":{"0":[0,0],"1":[0,0],"2":[0,0]},"_coverageSchema":"1a1c01bbd47fc00a2c39e90264f33305004495a9","hash":"04f7e2ff07331edab105c69406c2b7b379aa462f"}
}
