TN:
SF:index.js
FN:24,(anonymous_0)
FNF:1
FNH:0
FNDA:0,(anonymous_0)
DA:1,2
DA:2,2
DA:3,2
DA:4,2
DA:5,2
DA:6,2
DA:7,2
DA:8,2
DA:9,2
DA:11,2
DA:12,2
DA:14,2
DA:15,2
DA:16,2
DA:17,2
DA:18,2
DA:20,2
DA:23,2
DA:24,0
DA:25,0
DA:26,0
DA:27,0
DA:28,0
DA:37,0
DA:42,2
LF:25
LH:19
BRDA:23,0,0,0
BRDA:23,0,1,2
BRDA:26,1,0,0
BRDA:26,1,1,0
BRF:4
BRH:1
end_of_record
TN:
SF:src/config/swagger.js
FNF:0
FNH:0
DA:1,2
DA:2,2
DA:3,2
DA:4,2
DA:6,2
DA:8,2
DA:41,2
DA:42,2
LF:8
LH:8
BRF:0
BRH:0
end_of_record
TN:
SF:src/controllers/authController.js
FN:9,(anonymous_0)
FN:20,(anonymous_1)
FN:77,(anonymous_2)
FNF:3
FNH:3
FNDA:14,(anonymous_0)
FNDA:3,(anonymous_1)
FNDA:2,(anonymous_2)
DA:1,3
DA:2,3
DA:3,3
DA:4,3
DA:5,3
DA:7,3
DA:9,3
DA:10,14
DA:11,14
DA:12,14
DA:16,14
DA:17,14
DA:18,3
DA:20,3
DA:24,11
DA:25,11
DA:26,1
DA:32,10
DA:33,10
DA:34,1
DA:40,9
DA:41,9
DA:43,9
DA:53,9
DA:55,9
DA:70,0
DA:77,3
DA:78,2
DA:79,2
DA:80,2
DA:81,1
DA:87,1
DA:88,1
DA:90,1
DA:104,0
DA:111,3
LF:36
LH:34
BRDA:17,0,0,3
BRDA:17,0,1,11
BRDA:25,1,0,1
BRDA:25,1,1,10
BRDA:25,2,0,11
BRDA:25,2,1,10
BRDA:33,3,0,1
BRDA:33,3,1,9
BRDA:41,4,0,0
BRDA:41,4,1,9
BRDA:80,5,0,1
BRDA:80,5,1,1
BRDA:88,6,0,0
BRDA:88,6,1,1
BRF:14
BRH:12
end_of_record
TN:
SF:src/controllers/challengeController.js
FN:13,(anonymous_0)
FN:47,(anonymous_1)
FN:47,(anonymous_2)
FN:60,(anonymous_3)
FN:79,(anonymous_4)
FN:300,(anonymous_5)
FN:361,(anonymous_6)
FN:394,(anonymous_7)
FN:505,(anonymous_8)
FN:621,(anonymous_9)
FN:796,(anonymous_10)
FNF:11
FNH:0
FNDA:0,(anonymous_0)
FNDA:0,(anonymous_1)
FNDA:0,(anonymous_2)
FNDA:0,(anonymous_3)
FNDA:0,(anonymous_4)
FNDA:0,(anonymous_5)
FNDA:0,(anonymous_6)
FNDA:0,(anonymous_7)
FNDA:0,(anonymous_8)
FNDA:0,(anonymous_9)
FNDA:0,(anonymous_10)
DA:1,2
DA:2,2
DA:3,2
DA:4,2
DA:5,2
DA:6,2
DA:7,2
DA:8,2
DA:9,2
DA:10,2
DA:11,2
DA:13,2
DA:14,0
DA:16,0
DA:17,0
DA:18,0
DA:21,0
DA:27,0
DA:28,0
DA:31,0
DA:32,0
DA:33,0
DA:36,0
DA:37,0
DA:38,0
DA:41,0
DA:42,0
DA:45,0
DA:47,0
DA:48,0
DA:51,0
DA:58,0
DA:60,0
DA:65,0
DA:67,0
DA:69,0
DA:71,0
DA:72,0
DA:75,0
DA:79,2
DA:80,0
DA:81,0
DA:83,0
DA:84,0
DA:85,0
DA:86,0
DA:88,0
DA:92,0
DA:95,0
DA:96,0
DA:108,0
DA:161,0
DA:267,0
DA:275,0
DA:291,0
DA:292,0
DA:300,2
DA:302,0
DA:303,0
DA:305,0
DA:306,0
DA:307,0
DA:309,0
DA:310,0
DA:316,0
DA:317,0
DA:318,0
DA:325,0
DA:330,0
DA:331,0
DA:332,0
DA:339,0
DA:343,0
DA:344,0
DA:345,0
DA:352,0
DA:358,0
DA:361,0
DA:362,0
DA:366,0
DA:367,0
DA:373,0
DA:375,0
DA:381,0
DA:382,0
DA:383,0
DA:390,0
DA:394,2
DA:395,0
DA:396,0
DA:397,0
DA:399,0
DA:400,0
DA:407,0
DA:412,0
DA:413,0
DA:421,0
DA:460,0
DA:461,0
DA:467,0
DA:470,0
DA:471,0
DA:475,0
DA:481,0
DA:496,0
DA:497,0
DA:505,2
DA:506,0
DA:507,0
DA:508,0
DA:510,0
DA:511,0
DA:518,0
DA:523,0
DA:524,0
DA:531,0
DA:597,0
DA:598,0
DA:604,0
DA:612,0
DA:613,0
DA:621,2
DA:622,0
DA:623,0
DA:625,0
DA:626,0
DA:633,0
DA:773,0
DA:777,0
DA:787,0
DA:788,0
DA:796,2
DA:797,0
DA:798,0
DA:800,0
DA:801,0
DA:808,0
DA:1039,0
DA:1041,0
DA:1051,0
DA:1052,0
DA:1060,2
LF:142
LH:19
BRDA:27,0,0,0
BRDA:27,0,1,0
BRDA:32,1,0,0
BRDA:32,1,1,0
BRDA:37,2,0,0
BRDA:37,2,1,0
BRDA:41,3,0,0
BRDA:41,3,1,0
BRDA:41,4,0,0
BRDA:41,4,1,0
BRDA:47,5,0,0
BRDA:47,5,1,0
BRDA:84,6,0,0
BRDA:84,6,1,0
BRDA:85,7,0,0
BRDA:85,7,1,0
BRDA:95,8,0,0
BRDA:95,8,1,0
BRDA:267,9,0,0
BRDA:267,9,1,0
BRDA:309,10,0,0
BRDA:309,10,1,0
BRDA:317,11,0,0
BRDA:317,11,1,0
BRDA:330,12,0,0
BRDA:330,12,1,0
BRDA:343,13,0,0
BRDA:343,13,1,0
BRDA:399,14,0,0
BRDA:399,14,1,0
BRDA:412,15,0,0
BRDA:412,15,1,0
BRDA:460,16,0,0
BRDA:460,16,1,0
BRDA:470,17,0,0
BRDA:470,17,1,0
BRDA:510,18,0,0
BRDA:510,18,1,0
BRDA:523,19,0,0
BRDA:523,19,1,0
BRDA:597,20,0,0
BRDA:597,20,1,0
BRDA:625,21,0,0
BRDA:625,21,1,0
BRDA:800,22,0,0
BRDA:800,22,1,0
BRF:46
BRH:0
end_of_record
TN:
SF:src/controllers/questController.js
FN:9,(anonymous_0)
FN:21,(anonymous_1)
FN:45,(anonymous_2)
FN:50,(anonymous_3)
FN:60,(anonymous_4)
FN:144,(anonymous_5)
FN:145,(anonymous_6)
FN:146,(anonymous_7)
FN:147,(anonymous_8)
FN:167,(anonymous_9)
FN:194,(anonymous_10)
FN:215,(anonymous_11)
FN:249,(anonymous_12)
FN:268,(anonymous_13)
FN:338,(anonymous_14)
FNF:15
FNH:0
FNDA:0,(anonymous_0)
FNDA:0,(anonymous_1)
FNDA:0,(anonymous_2)
FNDA:0,(anonymous_3)
FNDA:0,(anonymous_4)
FNDA:0,(anonymous_5)
FNDA:0,(anonymous_6)
FNDA:0,(anonymous_7)
FNDA:0,(anonymous_8)
FNDA:0,(anonymous_9)
FNDA:0,(anonymous_10)
FNDA:0,(anonymous_11)
FNDA:0,(anonymous_12)
FNDA:0,(anonymous_13)
FNDA:0,(anonymous_14)
DA:1,2
DA:2,2
DA:3,2
DA:4,2
DA:5,2
DA:6,2
DA:7,2
DA:9,2
DA:10,0
DA:11,0
DA:12,0
DA:13,0
DA:18,0
DA:19,0
DA:21,0
DA:25,0
DA:26,0
DA:27,0
DA:31,0
DA:37,0
DA:38,0
DA:41,0
DA:45,2
DA:46,0
DA:47,0
DA:50,0
DA:52,0
DA:56,0
DA:60,0
DA:63,0
DA:94,0
DA:95,0
DA:96,0
DA:99,0
DA:110,0
DA:143,0
DA:144,0
DA:145,0
DA:146,0
DA:147,0
DA:151,0
DA:158,0
DA:159,0
DA:167,2
DA:168,0
DA:169,0
DA:170,0
DA:171,0
DA:172,0
DA:174,0
DA:175,0
DA:178,0
DA:179,0
DA:181,0
DA:182,0
DA:185,0
DA:186,0
DA:188,0
DA:190,0
DA:194,2
DA:195,0
DA:196,0
DA:197,0
DA:200,0
DA:215,0
DA:217,0
DA:222,0
DA:228,0
DA:229,0
DA:230,0
DA:233,0
DA:240,0
DA:245,0
DA:249,2
DA:250,0
DA:251,0
DA:254,0
DA:257,0
DA:265,0
DA:266,0
DA:268,0
DA:273,0
DA:274,0
DA:275,0
DA:282,0
DA:283,0
DA:290,0
DA:294,0
DA:295,0
DA:302,0
DA:312,0
DA:319,0
DA:329,0
DA:330,0
DA:338,2
DA:339,0
DA:340,0
DA:341,0
DA:342,0
DA:343,0
DA:345,0
DA:346,0
DA:347,0
DA:349,0
DA:350,0
DA:352,0
DA:353,0
DA:354,0
DA:357,0
DA:360,2
LF:110
LH:14
BRDA:12,0,0,0
BRDA:12,0,1,0
BRDA:12,1,0,0
BRDA:12,1,1,0
BRDA:18,2,0,0
BRDA:18,2,1,0
BRDA:26,3,0,0
BRDA:26,3,1,0
BRDA:34,4,0,0
BRDA:34,4,1,0
BRDA:95,5,0,0
BRDA:95,5,1,0
BRDA:103,6,0,0
BRDA:103,6,1,0
BRDA:104,7,0,0
BRDA:104,7,1,0
BRDA:148,8,0,0
BRDA:148,8,1,0
BRDA:171,9,0,0
BRDA:171,9,1,0
BRDA:174,10,0,0
BRDA:174,10,1,0
BRDA:179,11,0,0
BRDA:179,11,1,0
BRDA:181,12,0,0
BRDA:181,12,1,0
BRDA:181,13,0,0
BRDA:181,13,1,0
BRDA:185,14,0,0
BRDA:185,14,1,0
BRDA:188,15,0,0
BRDA:188,15,1,0
BRDA:229,16,0,0
BRDA:229,16,1,0
BRDA:236,17,0,0
BRDA:236,17,1,0
BRDA:254,18,0,0
BRDA:254,18,1,0
BRDA:265,19,0,0
BRDA:265,19,1,0
BRDA:274,20,0,0
BRDA:274,20,1,0
BRDA:282,21,0,0
BRDA:282,21,1,0
BRDA:294,22,0,0
BRDA:294,22,1,0
BRDA:308,23,0,0
BRDA:308,23,1,0
BRDA:342,24,0,0
BRDA:342,24,1,0
BRDA:346,25,0,0
BRDA:346,25,1,0
BRDA:349,26,0,0
BRDA:349,26,1,0
BRF:54
BRH:0
end_of_record
TN:
SF:src/controllers/userController.js
FN:8,(anonymous_0)
FN:18,(anonymous_1)
FN:44,(anonymous_2)
FN:92,(anonymous_3)
FN:93,(anonymous_4)
FN:94,(anonymous_5)
FN:95,(anonymous_6)
FN:96,(anonymous_7)
FN:103,(anonymous_8)
FN:139,(anonymous_9)
FNF:10
FNH:3
FNDA:4,(anonymous_0)
FNDA:7,(anonymous_1)
FNDA:1,(anonymous_2)
FNDA:0,(anonymous_3)
FNDA:0,(anonymous_4)
FNDA:0,(anonymous_5)
FNDA:0,(anonymous_6)
FNDA:0,(anonymous_7)
FNDA:0,(anonymous_8)
FNDA:0,(anonymous_9)
DA:1,2
DA:2,2
DA:3,2
DA:4,2
DA:5,2
DA:6,2
DA:8,2
DA:9,4
DA:10,4
DA:12,4
DA:14,4
DA:15,1
DA:18,7
DA:22,3
DA:23,3
DA:24,1
DA:27,2
DA:28,2
DA:30,2
DA:37,2
DA:38,2
DA:40,0
DA:44,2
DA:45,1
DA:46,1
DA:49,1
DA:50,0
DA:57,1
DA:90,1
DA:92,0
DA:93,0
DA:94,0
DA:95,0
DA:97,0
DA:103,1
DA:104,0
DA:106,0
DA:107,0
DA:108,0
DA:111,0
DA:121,1
DA:130,0
DA:131,0
DA:139,2
DA:140,0
DA:141,0
DA:143,0
DA:144,0
DA:147,0
DA:166,0
DA:167,0
DA:168,0
DA:171,0
DA:173,0
DA:174,0
DA:175,0
DA:179,0
DA:185,0
DA:186,0
DA:187,0
DA:191,0
DA:202,0
DA:203,0
DA:204,0
DA:208,0
DA:210,0
DA:221,0
DA:222,0
DA:223,0
DA:230,0
DA:234,2
LF:71
LH:31
BRDA:14,0,0,1
BRDA:14,0,1,3
BRDA:23,1,0,1
BRDA:23,1,1,2
BRDA:49,2,0,0
BRDA:49,2,1,1
BRDA:92,3,0,0
BRDA:92,3,1,0
BRDA:97,4,0,0
BRDA:97,4,1,0
BRDA:106,5,0,0
BRDA:106,5,1,0
BRDA:108,6,0,0
BRDA:108,6,1,0
BRDA:117,7,0,0
BRDA:117,7,1,0
BRDA:166,8,0,0
BRDA:166,8,1,0
BRDA:173,9,0,0
BRDA:173,9,1,0
BRDA:181,10,0,0
BRDA:181,10,1,0
BRDA:185,11,0,0
BRDA:185,11,1,0
BRDA:202,12,0,0
BRDA:202,12,1,0
BRDA:214,13,0,0
BRDA:214,13,1,0
BRF:28
BRH:5
end_of_record
TN:
SF:src/controllers/videoController.js
FN:6,(anonymous_0)
FN:42,(anonymous_1)
FN:125,(anonymous_2)
FN:215,(anonymous_3)
FN:269,(anonymous_4)
FNF:5
FNH:0
FNDA:0,(anonymous_0)
FNDA:0,(anonymous_1)
FNDA:0,(anonymous_2)
FNDA:0,(anonymous_3)
FNDA:0,(anonymous_4)
DA:1,2
DA:2,2
DA:3,2
DA:4,2
DA:6,2
DA:7,0
DA:8,0
DA:10,0
DA:11,0
DA:18,0
DA:29,0
DA:34,0
DA:42,2
DA:43,0
DA:44,0
DA:46,0
DA:47,0
DA:48,0
DA:50,0
DA:51,0
DA:57,0
DA:58,0
DA:65,0
DA:71,0
DA:72,0
DA:81,0
DA:84,0
DA:87,0
DA:90,0
DA:101,0
DA:103,0
DA:114,0
DA:115,0
DA:120,0
DA:125,2
DA:126,0
DA:127,0
DA:129,0
DA:130,0
DA:131,0
DA:133,0
DA:134,0
DA:140,0
DA:141,0
DA:148,0
DA:154,0
DA:155,0
DA:164,0
DA:165,0
DA:166,0
DA:171,0
DA:174,0
DA:177,0
DA:180,0
DA:191,0
DA:193,0
DA:204,0
DA:205,0
DA:210,0
DA:215,2
DA:216,0
DA:217,0
DA:218,0
DA:220,0
DA:221,0
DA:227,0
DA:228,0
DA:234,0
DA:241,0
DA:252,0
DA:261,0
DA:269,2
DA:270,0
DA:271,0
DA:272,0
DA:274,0
DA:275,0
DA:281,0
DA:282,0
DA:289,0
DA:290,0
DA:291,0
DA:298,0
DA:314,0
DA:316,0
DA:330,0
DA:337,2
LF:87
LH:10
BRDA:10,0,0,0
BRDA:10,0,1,0
BRDA:31,1,0,0
BRDA:31,1,1,0
BRDA:50,2,0,0
BRDA:50,2,1,0
BRDA:50,3,0,0
BRDA:50,3,1,0
BRDA:57,4,0,0
BRDA:57,4,1,0
BRDA:57,5,0,0
BRDA:57,5,1,0
BRDA:71,6,0,0
BRDA:71,6,1,0
BRDA:109,7,0,0
BRDA:109,7,1,0
BRDA:111,8,0,0
BRDA:111,8,1,0
BRDA:133,9,0,0
BRDA:133,9,1,0
BRDA:133,10,0,0
BRDA:133,10,1,0
BRDA:140,11,0,0
BRDA:140,11,1,0
BRDA:140,12,0,0
BRDA:140,12,1,0
BRDA:154,13,0,0
BRDA:154,13,1,0
BRDA:164,14,0,0
BRDA:164,14,1,0
BRDA:199,15,0,0
BRDA:199,15,1,0
BRDA:220,16,0,0
BRDA:220,16,1,0
BRDA:220,17,0,0
BRDA:220,17,1,0
BRDA:227,18,0,0
BRDA:227,18,1,0
BRDA:227,19,0,0
BRDA:227,19,1,0
BRDA:255,20,0,0
BRDA:255,20,1,0
BRDA:256,21,0,0
BRDA:256,21,1,0
BRDA:257,22,0,0
BRDA:257,22,1,0
BRDA:274,23,0,0
BRDA:274,23,1,0
BRDA:281,24,0,0
BRDA:281,24,1,0
BRDA:281,25,0,0
BRDA:281,25,1,0
BRDA:290,26,0,0
BRDA:290,26,1,0
BRDA:314,27,0,0
BRDA:314,27,1,0
BRF:56
BRH:0
end_of_record
TN:
SF:src/db/connection.js
FN:4,(anonymous_0)
FNF:1
FNH:0
FNDA:0,(anonymous_0)
DA:1,2
DA:2,2
DA:4,2
DA:5,0
DA:6,0
DA:7,0
DA:8,0
DA:11,0
DA:12,0
DA:16,2
LF:10
LH:4
BRF:0
BRH:0
end_of_record
TN:
SF:src/db/models/Challenge.js
FNF:0
FNH:0
DA:1,3
DA:3,3
DA:5,3
DA:26,3
LF:4
LH:4
BRF:0
BRH:0
end_of_record
TN:
SF:src/db/models/ChallengeReward.js
FNF:0
FNH:0
DA:1,3
DA:3,3
DA:5,3
DA:24,3
LF:4
LH:4
BRF:0
BRH:0
end_of_record
TN:
SF:src/db/models/Quest.js
FNF:0
FNH:0
DA:1,3
DA:3,3
DA:5,3
DA:40,3
LF:4
LH:4
BRF:0
BRH:0
end_of_record
TN:
SF:src/db/models/User.js
FNF:0
FNH:0
DA:1,4
DA:3,4
DA:5,4
DA:33,4
LF:4
LH:4
BRF:0
BRH:0
end_of_record
TN:
SF:src/db/models/UserChallenge.js
FNF:0
FNH:0
DA:1,3
DA:3,3
DA:26,3
LF:3
LH:3
BRF:0
BRH:0
end_of_record
TN:
SF:src/db/models/UserQuest.js
FNF:0
FNH:0
DA:1,3
DA:3,3
DA:22,3
LF:3
LH:3
BRF:0
BRH:0
end_of_record
TN:
SF:src/db/models/UserReward.js
FNF:0
FNH:0
DA:1,3
DA:3,3
DA:26,3
LF:3
LH:3
BRF:0
BRH:0
end_of_record
TN:
SF:src/db/models/UserVideo.js
FNF:0
FNH:0
DA:1,3
DA:3,3
DA:28,3
LF:3
LH:3
BRF:0
BRH:0
end_of_record
TN:
SF:src/db/models/index.js
FNF:0
FNH:0
DA:1,3
DA:2,3
DA:3,3
DA:4,3
DA:5,3
DA:6,3
DA:7,3
DA:8,3
DA:10,3
LF:9
LH:9
BRF:0
BRH:0
end_of_record
TN:
SF:src/middleware/AuthenticateUser.js
FN:6,(anonymous_0)
FNF:1
FNH:1
FNDA:7,(anonymous_0)
DA:1,3
DA:2,3
DA:4,3
DA:6,3
DA:7,7
DA:9,7
DA:10,7
DA:11,3
DA:15,4
DA:16,4
DA:17,2
DA:18,2
DA:21,2
DA:25,3
LF:14
LH:14
BRDA:10,0,0,3
BRDA:10,0,1,4
BRDA:10,1,0,7
BRDA:10,1,1,4
BRF:4
BRH:4
end_of_record
TN:
SF:src/middleware/AuthoriseRoles.js
FN:1,(anonymous_0)
FN:2,(anonymous_1)
FNF:2
FNH:2
FNDA:33,(anonymous_0)
FNDA:4,(anonymous_1)
DA:1,3
DA:2,33
DA:3,4
DA:4,2
DA:6,2
DA:10,3
LF:6
LH:6
BRDA:3,0,0,2
BRDA:3,0,1,2
BRDA:3,1,0,4
BRDA:3,1,1,4
BRF:4
BRH:4
end_of_record
TN:
SF:src/route/route.js
FNF:0
FNH:0
DA:1,2
DA:2,2
DA:3,2
DA:4,2
DA:5,2
DA:6,2
DA:7,2
DA:8,2
DA:9,2
DA:16,2
DA:18,2
DA:20,2
DA:21,2
DA:22,2
DA:24,2
DA:90,2
DA:135,2
DA:185,2
DA:262,2
DA:332,2
DA:386,2
DA:443,2
DA:483,2
DA:525,2
DA:600,2
DA:630,2
DA:676,2
DA:764,2
DA:805,2
DA:865,2
DA:936,2
DA:1009,2
DA:1088,2
DA:1134,2
DA:1194,2
DA:1251,2
DA:1320,2
DA:1389,2
DA:1391,2
LF:39
LH:39
BRF:0
BRH:0
end_of_record
TN:
SF:src/service/IsChallengeComplete.js
FN:15,(anonymous_0)
FN:94,(anonymous_1)
FNF:2
FNH:0
FNDA:0,(anonymous_0)
FNDA:0,(anonymous_1)
DA:1,2
DA:2,2
DA:3,2
DA:4,2
DA:5,2
DA:6,2
DA:15,2
DA:16,0
DA:17,0
DA:18,0
DA:21,0
DA:23,0
DA:24,0
DA:25,0
DA:26,0
DA:27,0
DA:29,0
DA:33,0
DA:57,0
DA:58,0
DA:62,0
DA:67,0
DA:69,0
DA:71,0
DA:86,0
DA:88,0
DA:92,0
DA:94,0
DA:102,0
DA:106,0
DA:107,0
DA:108,0
DA:111,0
DA:129,0
DA:130,0
DA:145,0
DA:152,0
DA:153,0
DA:154,0
DA:157,0
DA:175,0
DA:176,0
DA:177,0
DA:179,0
DA:180,0
DA:184,2
LF:46
LH:8
BRDA:15,0,0,0
BRDA:16,1,0,0
BRDA:16,1,1,0
BRDA:17,2,0,0
BRDA:17,2,1,0
BRDA:24,3,0,0
BRDA:24,3,1,0
BRDA:25,4,0,0
BRDA:25,4,1,0
BRDA:57,5,0,0
BRDA:57,5,1,0
BRDA:58,6,0,0
BRDA:58,6,1,0
BRDA:67,7,0,0
BRDA:67,7,1,0
BRDA:69,8,0,0
BRDA:69,8,1,0
BRDA:86,9,0,0
BRDA:86,9,1,0
BRDA:92,10,0,0
BRDA:92,10,1,0
BRDA:106,11,0,0
BRDA:106,11,1,0
BRDA:113,12,0,0
BRDA:113,12,1,0
BRDA:129,13,0,0
BRDA:129,13,1,0
BRDA:152,14,0,0
BRDA:152,14,1,0
BRDA:159,15,0,0
BRDA:159,15,1,0
BRDA:175,16,0,0
BRDA:175,16,1,0
BRF:33
BRH:0
end_of_record
TN:
SF:src/service/QuestCompleteStatus.js
FN:5,(anonymous_0)
FN:15,(anonymous_1)
FN:21,(anonymous_2)
FNF:3
FNH:0
FNDA:0,(anonymous_0)
FNDA:0,(anonymous_1)
FNDA:0,(anonymous_2)
DA:1,2
DA:2,2
DA:5,2
DA:6,0
DA:7,0
DA:9,0
DA:15,0
DA:19,0
DA:20,0
DA:21,0
DA:25,0
DA:30,0
DA:33,0
LF:13
LH:3
BRDA:19,0,0,0
BRDA:19,0,1,0
BRF:2
BRH:0
end_of_record
TN:
SF:src/service/TotalRewardExpenses.js
FN:4,(anonymous_0)
FNF:1
FNH:0
FNDA:0,(anonymous_0)
DA:1,2
DA:2,2
DA:4,2
DA:5,0
DA:7,0
DA:33,0
DA:35,0
DA:36,0
DA:40,2
LF:9
LH:4
BRDA:33,0,0,0
BRDA:33,0,1,0
BRF:2
BRH:0
end_of_record
TN:
SF:src/validation/challangeRewardSchema.js
FN:6,(anonymous_0)
FN:16,(anonymous_1)
FNF:2
FNH:0
FNDA:0,(anonymous_0)
FNDA:0,(anonymous_1)
DA:1,2
DA:2,2
DA:4,2
DA:6,0
DA:16,0
DA:24,2
DA:26,2
LF:7
LH:5
BRDA:16,0,0,0
BRDA:16,0,1,0
BRF:2
BRH:0
end_of_record
TN:
SF:src/validation/challangeSchema.js
FN:12,(anonymous_0)
FN:16,(anonymous_1)
FNF:2
FNH:0
FNDA:0,(anonymous_0)
FNDA:0,(anonymous_1)
DA:1,2
DA:2,2
DA:4,2
DA:12,0
DA:16,0
DA:21,2
LF:6
LH:4
BRDA:16,0,0,0
BRDA:16,0,1,0
BRF:2
BRH:0
end_of_record
TN:
SF:src/validation/loginSchema.js
FNF:0
FNH:0
DA:1,2
DA:3,2
DA:16,2
LF:3
LH:3
BRF:0
BRH:0
end_of_record
TN:
SF:src/validation/questSchema.js
FN:6,(anonymous_0)
FN:8,(anonymous_1)
FNF:2
FNH:0
FNDA:0,(anonymous_0)
FNDA:0,(anonymous_1)
DA:1,2
DA:3,2
DA:6,0
DA:9,0
DA:10,0
DA:11,0
DA:19,2
LF:7
LH:3
BRDA:9,0,0,0
BRDA:9,0,1,0
BRDA:9,1,0,0
BRDA:9,1,1,0
BRDA:11,2,0,0
BRDA:11,2,1,0
BRF:6
BRH:0
end_of_record
